*** Starting uWSGI 2.0.3 (64bit) on [Thu Aug 28 00:00:41 2014] ***
compiled with version: 4.6.3 on 12 April 2014 21:45:32
os: Linux-3.2.0-29-generic #46-Ubuntu SMP Fri Jul 27 17:03:23 UTC 2012
nodename: AY14040915414956495eZ
machine: x86_64
clock source: unix
detected number of CPU cores: 1
current working directory: /home/cugbacm/oj/oj/cugbacm/views
detected binary path: /usr/local/bin/uwsgi
!!! no internal routing support, rebuild with pcre support !!!
uWSGI running as root, you can use --uid/--gid/--chroot options
*** WARNING: you are running uWSGI as root !!! (use the --uid flag) *** 
*** WARNING: you are running uWSGI without its master process manager ***
your processes number limit is 7815
your memory page size is 4096 bytes
detected max file descriptor number: 65535
lock engine: pthread robust mutexes
thunder lock: disabled (you can enable it with --thunder-lock)
uwsgi socket 0 bound to TCP address :8077 fd 3
Python version: 2.7.3 (default, Feb 27 2014, 20:09:21)  [GCC 4.6.3]
*** Python threads support is disabled. You can enable it with --enable-threads ***
Python main interpreter initialized at 0x1f17e60
your server socket listen backlog is limited to 100 connections
your mercy for graceful operations on workers is 60 seconds
mapped 72760 bytes (71 KB) for 1 cores
*** Operational MODE: single process ***
WSGI app 0 (mountpoint='') ready in 1 seconds on interpreter 0x1f17e60 pid: 9967 (default app)
*** uWSGI is running in multiple interpreter mode ***
spawned uWSGI worker 1 (and the only) (pid: 9967, cores: 1)
*** Starting uWSGI 2.0.3 (64bit) on [Thu Aug 28 00:00:42 2014] ***
compiled with version: 4.6.3 on 12 April 2014 21:45:32
os: Linux-3.2.0-29-generic #46-Ubuntu SMP Fri Jul 27 17:03:23 UTC 2012
nodename: AY14040915414956495eZ
machine: x86_64
clock source: unix
detected number of CPU cores: 1
current working directory: /home/cugbacm/oj/oj/cugbacm/views
detected binary path: /usr/local/bin/uwsgi
!!! no internal routing support, rebuild with pcre support !!!
uWSGI running as root, you can use --uid/--gid/--chroot options
*** WARNING: you are running uWSGI as root !!! (use the --uid flag) *** 
*** WARNING: you are running uWSGI without its master process manager ***
your processes number limit is 7815
your memory page size is 4096 bytes
detected max file descriptor number: 65535
lock engine: pthread robust mutexes
thunder lock: disabled (you can enable it with --thunder-lock)
uwsgi socket 0 bound to TCP address :8077 fd 3
Python version: 2.7.3 (default, Feb 27 2014, 20:09:21)  [GCC 4.6.3]
*** Python threads support is disabled. You can enable it with --enable-threads ***
Python main interpreter initialized at 0x1847e60
your server socket listen backlog is limited to 100 connections
your mercy for graceful operations on workers is 60 seconds
mapped 72760 bytes (71 KB) for 1 cores
*** Operational MODE: single process ***
WSGI app 0 (mountpoint='') ready in 1 seconds on interpreter 0x1847e60 pid: 9984 (default app)
*** uWSGI is running in multiple interpreter mode ***
spawned uWSGI worker 1 (and the only) (pid: 9984, cores: 1)
[pid: 9984|app: 0|req: 1/1] 114.248.167.22 () {38 vars in 772 bytes} [Thu Aug 28 00:00:45 2014] GET /index/userInfo/10041232 => generated 128851 bytes in 437 msecs (HTTP/1.1 500) 2 headers in 92 bytes (1 switches on core 0)
*** Starting uWSGI 2.0.3 (64bit) on [Thu Aug 28 00:07:47 2014] ***
compiled with version: 4.6.3 on 12 April 2014 21:45:32
os: Linux-3.2.0-29-generic #46-Ubuntu SMP Fri Jul 27 17:03:23 UTC 2012
nodename: AY14040915414956495eZ
machine: x86_64
clock source: unix
detected number of CPU cores: 1
current working directory: /home/cugbacm/oj/oj/cugbacm
detected binary path: /usr/local/bin/uwsgi
!!! no internal routing support, rebuild with pcre support !!!
uWSGI running as root, you can use --uid/--gid/--chroot options
*** WARNING: you are running uWSGI as root !!! (use the --uid flag) *** 
*** WARNING: you are running uWSGI without its master process manager ***
your processes number limit is 7815
your memory page size is 4096 bytes
detected max file descriptor number: 65535
lock engine: pthread robust mutexes
thunder lock: disabled (you can enable it with --thunder-lock)
uwsgi socket 0 bound to TCP address :8077 fd 3
Python version: 2.7.3 (default, Feb 27 2014, 20:09:21)  [GCC 4.6.3]
*** Python threads support is disabled. You can enable it with --enable-threads ***
Python main interpreter initialized at 0x94ee60
your server socket listen backlog is limited to 100 connections
your mercy for graceful operations on workers is 60 seconds
mapped 72760 bytes (71 KB) for 1 cores
*** Operational MODE: single process ***
WSGI app 0 (mountpoint='') ready in 0 seconds on interpreter 0x94ee60 pid: 10502 (default app)
*** uWSGI is running in multiple interpreter mode ***
spawned uWSGI worker 1 (and the only) (pid: 10502, cores: 1)
*** Starting uWSGI 2.0.3 (64bit) on [Thu Aug 28 00:07:48 2014] ***
compiled with version: 4.6.3 on 12 April 2014 21:45:32
os: Linux-3.2.0-29-generic #46-Ubuntu SMP Fri Jul 27 17:03:23 UTC 2012
nodename: AY14040915414956495eZ
machine: x86_64
clock source: unix
detected number of CPU cores: 1
current working directory: /home/cugbacm/oj/oj/cugbacm
detected binary path: /usr/local/bin/uwsgi
!!! no internal routing support, rebuild with pcre support !!!
uWSGI running as root, you can use --uid/--gid/--chroot options
*** WARNING: you are running uWSGI as root !!! (use the --uid flag) *** 
*** WARNING: you are running uWSGI without its master process manager ***
your processes number limit is 7815
your memory page size is 4096 bytes
detected max file descriptor number: 65535
lock engine: pthread robust mutexes
thunder lock: disabled (you can enable it with --thunder-lock)
uwsgi socket 0 bound to TCP address :8077 fd 3
Python version: 2.7.3 (default, Feb 27 2014, 20:09:21)  [GCC 4.6.3]
*** Python threads support is disabled. You can enable it with --enable-threads ***
Python main interpreter initialized at 0xd3de60
your server socket listen backlog is limited to 100 connections
your mercy for graceful operations on workers is 60 seconds
mapped 72760 bytes (71 KB) for 1 cores
*** Operational MODE: single process ***
WSGI app 0 (mountpoint='') ready in 0 seconds on interpreter 0xd3de60 pid: 10513 (default app)
*** uWSGI is running in multiple interpreter mode ***
spawned uWSGI worker 1 (and the only) (pid: 10513, cores: 1)
[pid: 10513|app: 0|req: 1/1] 114.248.167.22 () {38 vars in 750 bytes} [Thu Aug 28 00:07:50 2014] GET /index/login/ => generated 86999 bytes in 446 msecs (HTTP/1.1 500) 2 headers in 92 bytes (1 switches on core 0)
*** Starting uWSGI 2.0.3 (64bit) on [Thu Aug 28 00:08:42 2014] ***
compiled with version: 4.6.3 on 12 April 2014 21:45:32
os: Linux-3.2.0-29-generic #46-Ubuntu SMP Fri Jul 27 17:03:23 UTC 2012
nodename: AY14040915414956495eZ
machine: x86_64
clock source: unix
detected number of CPU cores: 1
current working directory: /home/cugbacm/oj/oj/cugbacm
detected binary path: /usr/local/bin/uwsgi
!!! no internal routing support, rebuild with pcre support !!!
uWSGI running as root, you can use --uid/--gid/--chroot options
*** WARNING: you are running uWSGI as root !!! (use the --uid flag) *** 
*** WARNING: you are running uWSGI without its master process manager ***
your processes number limit is 7815
your memory page size is 4096 bytes
detected max file descriptor number: 65535
lock engine: pthread robust mutexes
thunder lock: disabled (you can enable it with --thunder-lock)
uwsgi socket 0 bound to TCP address :8077 fd 3
Python version: 2.7.3 (default, Feb 27 2014, 20:09:21)  [GCC 4.6.3]
*** Python threads support is disabled. You can enable it with --enable-threads ***
Python main interpreter initialized at 0x26c3e60
your server socket listen backlog is limited to 100 connections
your mercy for graceful operations on workers is 60 seconds
mapped 72760 bytes (71 KB) for 1 cores
*** Operational MODE: single process ***
WSGI app 0 (mountpoint='') ready in 0 seconds on interpreter 0x26c3e60 pid: 10575 (default app)
*** uWSGI is running in multiple interpreter mode ***
spawned uWSGI worker 1 (and the only) (pid: 10575, cores: 1)
[pid: 10575|app: 0|req: 1/1] 114.248.167.22 () {38 vars in 750 bytes} [Thu Aug 28 00:08:46 2014] GET /index/login/ => generated 86999 bytes in 394 msecs (HTTP/1.1 500) 2 headers in 92 bytes (1 switches on core 0)
*** Starting uWSGI 2.0.3 (64bit) on [Thu Aug 28 00:09:02 2014] ***
compiled with version: 4.6.3 on 12 April 2014 21:45:32
os: Linux-3.2.0-29-generic #46-Ubuntu SMP Fri Jul 27 17:03:23 UTC 2012
nodename: AY14040915414956495eZ
machine: x86_64
clock source: unix
detected number of CPU cores: 1
current working directory: /home/cugbacm/oj/oj/cugbacm
detected binary path: /usr/local/bin/uwsgi
!!! no internal routing support, rebuild with pcre support !!!
uWSGI running as root, you can use --uid/--gid/--chroot options
*** WARNING: you are running uWSGI as root !!! (use the --uid flag) *** 
*** WARNING: you are running uWSGI without its master process manager ***
your processes number limit is 7815
your memory page size is 4096 bytes
detected max file descriptor number: 65535
lock engine: pthread robust mutexes
thunder lock: disabled (you can enable it with --thunder-lock)
uwsgi socket 0 bound to TCP address :8077 fd 3
Python version: 2.7.3 (default, Feb 27 2014, 20:09:21)  [GCC 4.6.3]
*** Python threads support is disabled. You can enable it with --enable-threads ***
Python main interpreter initialized at 0x20a2e60
your server socket listen backlog is limited to 100 connections
your mercy for graceful operations on workers is 60 seconds
mapped 72760 bytes (71 KB) for 1 cores
*** Operational MODE: single process ***
WSGI app 0 (mountpoint='') ready in 0 seconds on interpreter 0x20a2e60 pid: 10603 (default app)
*** uWSGI is running in multiple interpreter mode ***
spawned uWSGI worker 1 (and the only) (pid: 10603, cores: 1)
*** Starting uWSGI 2.0.3 (64bit) on [Thu Aug 28 00:09:02 2014] ***
compiled with version: 4.6.3 on 12 April 2014 21:45:32
os: Linux-3.2.0-29-generic #46-Ubuntu SMP Fri Jul 27 17:03:23 UTC 2012
nodename: AY14040915414956495eZ
machine: x86_64
clock source: unix
detected number of CPU cores: 1
current working directory: /home/cugbacm/oj/oj/cugbacm
detected binary path: /usr/local/bin/uwsgi
!!! no internal routing support, rebuild with pcre support !!!
uWSGI running as root, you can use --uid/--gid/--chroot options
*** WARNING: you are running uWSGI as root !!! (use the --uid flag) *** 
*** WARNING: you are running uWSGI without its master process manager ***
your processes number limit is 7815
your memory page size is 4096 bytes
detected max file descriptor number: 65535
lock engine: pthread robust mutexes
thunder lock: disabled (you can enable it with --thunder-lock)
uwsgi socket 0 bound to TCP address :8077 fd 3
Python version: 2.7.3 (default, Feb 27 2014, 20:09:21)  [GCC 4.6.3]
*** Python threads support is disabled. You can enable it with --enable-threads ***
Python main interpreter initialized at 0x16b3e60
your server socket listen backlog is limited to 100 connections
your mercy for graceful operations on workers is 60 seconds
mapped 72760 bytes (71 KB) for 1 cores
*** Operational MODE: single process ***
WSGI app 0 (mountpoint='') ready in 1 seconds on interpreter 0x16b3e60 pid: 10614 (default app)
*** uWSGI is running in multiple interpreter mode ***
spawned uWSGI worker 1 (and the only) (pid: 10614, cores: 1)
[pid: 10614|app: 0|req: 1/1] 114.248.167.22 () {38 vars in 750 bytes} [Thu Aug 28 00:09:04 2014] GET /index/login/ => generated 4558 bytes in 319 msecs (HTTP/1.1 200) 5 headers in 355 bytes (1 switches on core 0)
[pid: 10614|app: 0|req: 2/2] 114.248.167.22 () {48 vars in 960 bytes} [Thu Aug 28 00:09:06 2014] POST /index/login/ => generated 7 bytes in 15 msecs (HTTP/1.1 200) 4 headers in 233 bytes (1 switches on core 0)
[pid: 10614|app: 0|req: 3/3] 114.248.167.22 () {40 vars in 812 bytes} [Thu Aug 28 00:09:06 2014] GET /index/problemList/ => generated 27913 bytes in 59 msecs (HTTP/1.1 200) 4 headers in 224 bytes (1 switches on core 0)
[pid: 10614|app: 0|req: 4/4] 114.248.167.22 () {40 vars in 812 bytes} [Thu Aug 28 00:09:07 2014] GET /index/userList/ => generated 14329 bytes in 35 msecs (HTTP/1.1 200) 4 headers in 224 bytes (1 switches on core 0)
*** Starting uWSGI 2.0.3 (64bit) on [Thu Aug 28 00:10:08 2014] ***
compiled with version: 4.6.3 on 12 April 2014 21:45:32
os: Linux-3.2.0-29-generic #46-Ubuntu SMP Fri Jul 27 17:03:23 UTC 2012
nodename: AY14040915414956495eZ
machine: x86_64
clock source: unix
detected number of CPU cores: 1
current working directory: /home/cugbacm/oj/oj/cugbacm
detected binary path: /usr/local/bin/uwsgi
!!! no internal routing support, rebuild with pcre support !!!
uWSGI running as root, you can use --uid/--gid/--chroot options
*** WARNING: you are running uWSGI as root !!! (use the --uid flag) *** 
*** WARNING: you are running uWSGI without its master process manager ***
your processes number limit is 7815
your memory page size is 4096 bytes
detected max file descriptor number: 65535
lock engine: pthread robust mutexes
thunder lock: disabled (you can enable it with --thunder-lock)
uwsgi socket 0 bound to TCP address :8077 fd 3
Python version: 2.7.3 (default, Feb 27 2014, 20:09:21)  [GCC 4.6.3]
*** Python threads support is disabled. You can enable it with --enable-threads ***
Python main interpreter initialized at 0x1c05e60
your server socket listen backlog is limited to 100 connections
your mercy for graceful operations on workers is 60 seconds
mapped 72760 bytes (71 KB) for 1 cores
*** Operational MODE: single process ***
WSGI app 0 (mountpoint='') ready in 0 seconds on interpreter 0x1c05e60 pid: 10703 (default app)
*** uWSGI is running in multiple interpreter mode ***
spawned uWSGI worker 1 (and the only) (pid: 10703, cores: 1)
*** Starting uWSGI 2.0.3 (64bit) on [Thu Aug 28 00:10:09 2014] ***
compiled with version: 4.6.3 on 12 April 2014 21:45:32
os: Linux-3.2.0-29-generic #46-Ubuntu SMP Fri Jul 27 17:03:23 UTC 2012
nodename: AY14040915414956495eZ
machine: x86_64
clock source: unix
detected number of CPU cores: 1
current working directory: /home/cugbacm/oj/oj/cugbacm
detected binary path: /usr/local/bin/uwsgi
!!! no internal routing support, rebuild with pcre support !!!
uWSGI running as root, you can use --uid/--gid/--chroot options
*** WARNING: you are running uWSGI as root !!! (use the --uid flag) *** 
*** WARNING: you are running uWSGI without its master process manager ***
your processes number limit is 7815
your memory page size is 4096 bytes
detected max file descriptor number: 65535
lock engine: pthread robust mutexes
thunder lock: disabled (you can enable it with --thunder-lock)
uwsgi socket 0 bound to TCP address :8077 fd 3
Python version: 2.7.3 (default, Feb 27 2014, 20:09:21)  [GCC 4.6.3]
*** Python threads support is disabled. You can enable it with --enable-threads ***
Python main interpreter initialized at 0x187ce60
your server socket listen backlog is limited to 100 connections
your mercy for graceful operations on workers is 60 seconds
mapped 72760 bytes (71 KB) for 1 cores
*** Operational MODE: single process ***
WSGI app 0 (mountpoint='') ready in 0 seconds on interpreter 0x187ce60 pid: 10714 (default app)
*** uWSGI is running in multiple interpreter mode ***
spawned uWSGI worker 1 (and the only) (pid: 10714, cores: 1)
[pid: 10714|app: 0|req: 1/1] 114.248.167.22 () {38 vars in 756 bytes} [Thu Aug 28 00:10:11 2014] GET /index/userList/ => generated 85915 bytes in 409 msecs (HTTP/1.1 500) 2 headers in 92 bytes (1 switches on core 0)
*** Starting uWSGI 2.0.3 (64bit) on [Thu Aug 28 00:13:41 2014] ***
compiled with version: 4.6.3 on 12 April 2014 21:45:32
os: Linux-3.2.0-29-generic #46-Ubuntu SMP Fri Jul 27 17:03:23 UTC 2012
nodename: AY14040915414956495eZ
machine: x86_64
clock source: unix
detected number of CPU cores: 1
current working directory: /home/cugbacm/oj/oj/cugbacm
detected binary path: /usr/local/bin/uwsgi
!!! no internal routing support, rebuild with pcre support !!!
uWSGI running as root, you can use --uid/--gid/--chroot options
*** WARNING: you are running uWSGI as root !!! (use the --uid flag) *** 
*** WARNING: you are running uWSGI without its master process manager ***
your processes number limit is 7815
your memory page size is 4096 bytes
detected max file descriptor number: 65535
lock engine: pthread robust mutexes
thunder lock: disabled (you can enable it with --thunder-lock)
uwsgi socket 0 bound to TCP address :8077 fd 3
Python version: 2.7.3 (default, Feb 27 2014, 20:09:21)  [GCC 4.6.3]
*** Python threads support is disabled. You can enable it with --enable-threads ***
Python main interpreter initialized at 0x2162e60
your server socket listen backlog is limited to 100 connections
your mercy for graceful operations on workers is 60 seconds
mapped 72760 bytes (71 KB) for 1 cores
*** Operational MODE: single process ***
WSGI app 0 (mountpoint='') ready in 0 seconds on interpreter 0x2162e60 pid: 10971 (default app)
*** uWSGI is running in multiple interpreter mode ***
spawned uWSGI worker 1 (and the only) (pid: 10971, cores: 1)
*** Starting uWSGI 2.0.3 (64bit) on [Thu Aug 28 00:13:42 2014] ***
compiled with version: 4.6.3 on 12 April 2014 21:45:32
os: Linux-3.2.0-29-generic #46-Ubuntu SMP Fri Jul 27 17:03:23 UTC 2012
nodename: AY14040915414956495eZ
machine: x86_64
clock source: unix
detected number of CPU cores: 1
current working directory: /home/cugbacm/oj/oj/cugbacm
detected binary path: /usr/local/bin/uwsgi
!!! no internal routing support, rebuild with pcre support !!!
uWSGI running as root, you can use --uid/--gid/--chroot options
*** WARNING: you are running uWSGI as root !!! (use the --uid flag) *** 
*** WARNING: you are running uWSGI without its master process manager ***
your processes number limit is 7815
your memory page size is 4096 bytes
detected max file descriptor number: 65535
lock engine: pthread robust mutexes
thunder lock: disabled (you can enable it with --thunder-lock)
uwsgi socket 0 bound to TCP address :8077 fd 3
Python version: 2.7.3 (default, Feb 27 2014, 20:09:21)  [GCC 4.6.3]
*** Python threads support is disabled. You can enable it with --enable-threads ***
Python main interpreter initialized at 0x1885e60
your server socket listen backlog is limited to 100 connections
your mercy for graceful operations on workers is 60 seconds
mapped 72760 bytes (71 KB) for 1 cores
*** Operational MODE: single process ***
WSGI app 0 (mountpoint='') ready in 1 seconds on interpreter 0x1885e60 pid: 10982 (default app)
*** uWSGI is running in multiple interpreter mode ***
spawned uWSGI worker 1 (and the only) (pid: 10982, cores: 1)
[pid: 10982|app: 0|req: 1/1] 114.248.167.22 () {38 vars in 756 bytes} [Thu Aug 28 00:13:45 2014] GET /index/register/ => generated 3059 bytes in 311 msecs (HTTP/1.1 200) 4 headers in 224 bytes (1 switches on core 0)
[pid: 10982|app: 0|req: 2/2] 114.248.167.22 () {46 vars in 962 bytes} [Thu Aug 28 00:14:19 2014] POST /index/register/ => generated 0 bytes in 29 msecs (HTTP/1.1 302) 5 headers in 287 bytes (1 switches on core 0)
[pid: 10982|app: 0|req: 3/3] 114.248.167.22 () {42 vars in 849 bytes} [Thu Aug 28 00:14:19 2014] GET /index/problemList => generated 0 bytes in 3 msecs (HTTP/1.1 301) 3 headers in 155 bytes (1 switches on core 0)
[pid: 10982|app: 0|req: 4/4] 114.248.167.22 () {42 vars in 851 bytes} [Thu Aug 28 00:14:19 2014] GET /index/problemList/ => generated 27917 bytes in 60 msecs (HTTP/1.1 200) 4 headers in 224 bytes (1 switches on core 0)
[pid: 10982|app: 0|req: 5/5] 114.248.167.22 () {40 vars in 816 bytes} [Thu Aug 28 00:14:21 2014] GET /index/submitList/ => generated 36094 bytes in 81 msecs (HTTP/1.1 200) 4 headers in 224 bytes (1 switches on core 0)
[pid: 10982|app: 0|req: 6/6] 114.248.167.22 () {40 vars in 817 bytes} [Thu Aug 28 00:14:22 2014] GET /index/contestList/ => generated 5471 bytes in 34 msecs (HTTP/1.1 200) 4 headers in 224 bytes (1 switches on core 0)
[pid: 10982|app: 0|req: 7/7] 114.248.167.22 () {40 vars in 812 bytes} [Thu Aug 28 00:14:23 2014] GET /index/userList/ => generated 14653 bytes in 36 msecs (HTTP/1.1 200) 4 headers in 224 bytes (1 switches on core 0)
*** Starting uWSGI 2.0.3 (64bit) on [Thu Aug 28 00:14:47 2014] ***
compiled with version: 4.6.3 on 12 April 2014 21:45:32
os: Linux-3.2.0-29-generic #46-Ubuntu SMP Fri Jul 27 17:03:23 UTC 2012
nodename: AY14040915414956495eZ
machine: x86_64
clock source: unix
detected number of CPU cores: 1
current working directory: /home/cugbacm/oj/oj/cugbacm
detected binary path: /usr/local/bin/uwsgi
!!! no internal routing support, rebuild with pcre support !!!
uWSGI running as root, you can use --uid/--gid/--chroot options
*** WARNING: you are running uWSGI as root !!! (use the --uid flag) *** 
*** WARNING: you are running uWSGI without its master process manager ***
your processes number limit is 7815
your memory page size is 4096 bytes
detected max file descriptor number: 65535
lock engine: pthread robust mutexes
thunder lock: disabled (you can enable it with --thunder-lock)
uwsgi socket 0 bound to TCP address :8077 fd 3
Python version: 2.7.3 (default, Feb 27 2014, 20:09:21)  [GCC 4.6.3]
*** Python threads support is disabled. You can enable it with --enable-threads ***
Python main interpreter initialized at 0xb96e60
your server socket listen backlog is limited to 100 connections
your mercy for graceful operations on workers is 60 seconds
mapped 72760 bytes (71 KB) for 1 cores
*** Operational MODE: single process ***
WSGI app 0 (mountpoint='') ready in 0 seconds on interpreter 0xb96e60 pid: 11077 (default app)
*** uWSGI is running in multiple interpreter mode ***
spawned uWSGI worker 1 (and the only) (pid: 11077, cores: 1)
[pid: 11077|app: 0|req: 1/1] 114.248.167.22 () {38 vars in 756 bytes} [Thu Aug 28 00:14:49 2014] GET /index/userList/ => generated 88793 bytes in 391 msecs (HTTP/1.1 500) 2 headers in 92 bytes (1 switches on core 0)
*** Starting uWSGI 2.0.3 (64bit) on [Thu Aug 28 00:15:22 2014] ***
compiled with version: 4.6.3 on 12 April 2014 21:45:32
os: Linux-3.2.0-29-generic #46-Ubuntu SMP Fri Jul 27 17:03:23 UTC 2012
nodename: AY14040915414956495eZ
machine: x86_64
clock source: unix
detected number of CPU cores: 1
current working directory: /home/cugbacm/oj/oj/cugbacm
detected binary path: /usr/local/bin/uwsgi
!!! no internal routing support, rebuild with pcre support !!!
uWSGI running as root, you can use --uid/--gid/--chroot options
*** WARNING: you are running uWSGI as root !!! (use the --uid flag) *** 
*** WARNING: you are running uWSGI without its master process manager ***
your processes number limit is 7815
your memory page size is 4096 bytes
detected max file descriptor number: 65535
lock engine: pthread robust mutexes
thunder lock: disabled (you can enable it with --thunder-lock)
uwsgi socket 0 bound to TCP address :8077 fd 3
Python version: 2.7.3 (default, Feb 27 2014, 20:09:21)  [GCC 4.6.3]
*** Python threads support is disabled. You can enable it with --enable-threads ***
Python main interpreter initialized at 0x13c0e60
your server socket listen backlog is limited to 100 connections
your mercy for graceful operations on workers is 60 seconds
mapped 72760 bytes (71 KB) for 1 cores
*** Operational MODE: single process ***
WSGI app 0 (mountpoint='') ready in 0 seconds on interpreter 0x13c0e60 pid: 11118 (default app)
*** uWSGI is running in multiple interpreter mode ***
spawned uWSGI worker 1 (and the only) (pid: 11118, cores: 1)
*** Starting uWSGI 2.0.3 (64bit) on [Thu Aug 28 00:15:23 2014] ***
compiled with version: 4.6.3 on 12 April 2014 21:45:32
os: Linux-3.2.0-29-generic #46-Ubuntu SMP Fri Jul 27 17:03:23 UTC 2012
nodename: AY14040915414956495eZ
machine: x86_64
clock source: unix
detected number of CPU cores: 1
current working directory: /home/cugbacm/oj/oj/cugbacm
detected binary path: /usr/local/bin/uwsgi
!!! no internal routing support, rebuild with pcre support !!!
uWSGI running as root, you can use --uid/--gid/--chroot options
*** WARNING: you are running uWSGI as root !!! (use the --uid flag) *** 
*** WARNING: you are running uWSGI without its master process manager ***
your processes number limit is 7815
your memory page size is 4096 bytes
detected max file descriptor number: 65535
lock engine: pthread robust mutexes
thunder lock: disabled (you can enable it with --thunder-lock)
uwsgi socket 0 bound to TCP address :8077 fd 3
Python version: 2.7.3 (default, Feb 27 2014, 20:09:21)  [GCC 4.6.3]
*** Python threads support is disabled. You can enable it with --enable-threads ***
Python main interpreter initialized at 0x222ce60
your server socket listen backlog is limited to 100 connections
your mercy for graceful operations on workers is 60 seconds
mapped 72760 bytes (71 KB) for 1 cores
*** Operational MODE: single process ***
WSGI app 0 (mountpoint='') ready in 0 seconds on interpreter 0x222ce60 pid: 11129 (default app)
*** uWSGI is running in multiple interpreter mode ***
spawned uWSGI worker 1 (and the only) (pid: 11129, cores: 1)
[pid: 11129|app: 0|req: 1/1] 114.248.167.22 () {38 vars in 756 bytes} [Thu Aug 28 00:15:25 2014] GET /index/userList/ => generated 14653 bytes in 350 msecs (HTTP/1.1 200) 4 headers in 224 bytes (1 switches on core 0)
*** Starting uWSGI 2.0.3 (64bit) on [Thu Aug 28 00:17:58 2014] ***
compiled with version: 4.6.3 on 12 April 2014 21:45:32
os: Linux-3.2.0-29-generic #46-Ubuntu SMP Fri Jul 27 17:03:23 UTC 2012
nodename: AY14040915414956495eZ
machine: x86_64
clock source: unix
detected number of CPU cores: 1
current working directory: /home/cugbacm/oj/oj/cugbacm
detected binary path: /usr/local/bin/uwsgi
!!! no internal routing support, rebuild with pcre support !!!
uWSGI running as root, you can use --uid/--gid/--chroot options
*** WARNING: you are running uWSGI as root !!! (use the --uid flag) *** 
*** WARNING: you are running uWSGI without its master process manager ***
your processes number limit is 7815
your memory page size is 4096 bytes
detected max file descriptor number: 65535
lock engine: pthread robust mutexes
thunder lock: disabled (you can enable it with --thunder-lock)
uwsgi socket 0 bound to TCP address :8077 fd 3
Python version: 2.7.3 (default, Feb 27 2014, 20:09:21)  [GCC 4.6.3]
*** Python threads support is disabled. You can enable it with --enable-threads ***
Python main interpreter initialized at 0x12fce60
your server socket listen backlog is limited to 100 connections
your mercy for graceful operations on workers is 60 seconds
mapped 72760 bytes (71 KB) for 1 cores
*** Operational MODE: single process ***
WSGI app 0 (mountpoint='') ready in 0 seconds on interpreter 0x12fce60 pid: 11339 (default app)
*** uWSGI is running in multiple interpreter mode ***
spawned uWSGI worker 1 (and the only) (pid: 11339, cores: 1)
*** Starting uWSGI 2.0.3 (64bit) on [Thu Aug 28 00:17:59 2014] ***
compiled with version: 4.6.3 on 12 April 2014 21:45:32
os: Linux-3.2.0-29-generic #46-Ubuntu SMP Fri Jul 27 17:03:23 UTC 2012
nodename: AY14040915414956495eZ
machine: x86_64
clock source: unix
detected number of CPU cores: 1
current working directory: /home/cugbacm/oj/oj/cugbacm
detected binary path: /usr/local/bin/uwsgi
!!! no internal routing support, rebuild with pcre support !!!
uWSGI running as root, you can use --uid/--gid/--chroot options
*** WARNING: you are running uWSGI as root !!! (use the --uid flag) *** 
*** WARNING: you are running uWSGI without its master process manager ***
your processes number limit is 7815
your memory page size is 4096 bytes
detected max file descriptor number: 65535
lock engine: pthread robust mutexes
thunder lock: disabled (you can enable it with --thunder-lock)
uwsgi socket 0 bound to TCP address :8077 fd 3
Python version: 2.7.3 (default, Feb 27 2014, 20:09:21)  [GCC 4.6.3]
*** Python threads support is disabled. You can enable it with --enable-threads ***
Python main interpreter initialized at 0x1dfbe60
your server socket listen backlog is limited to 100 connections
your mercy for graceful operations on workers is 60 seconds
mapped 72760 bytes (71 KB) for 1 cores
*** Operational MODE: single process ***
WSGI app 0 (mountpoint='') ready in 0 seconds on interpreter 0x1dfbe60 pid: 11350 (default app)
*** uWSGI is running in multiple interpreter mode ***
spawned uWSGI worker 1 (and the only) (pid: 11350, cores: 1)
[pid: 11350|app: 0|req: 1/1] 114.248.167.22 () {40 vars in 813 bytes} [Thu Aug 28 00:18:01 2014] GET /index/submitList/ => generated 117171 bytes in 412 msecs (HTTP/1.1 500) 2 headers in 92 bytes (1 switches on core 0)
*** Starting uWSGI 2.0.3 (64bit) on [Thu Aug 28 00:21:32 2014] ***
compiled with version: 4.6.3 on 12 April 2014 21:45:32
os: Linux-3.2.0-29-generic #46-Ubuntu SMP Fri Jul 27 17:03:23 UTC 2012
nodename: AY14040915414956495eZ
machine: x86_64
clock source: unix
detected number of CPU cores: 1
current working directory: /home/cugbacm/oj/oj/cugbacm
detected binary path: /usr/local/bin/uwsgi
!!! no internal routing support, rebuild with pcre support !!!
uWSGI running as root, you can use --uid/--gid/--chroot options
*** WARNING: you are running uWSGI as root !!! (use the --uid flag) *** 
*** WARNING: you are running uWSGI without its master process manager ***
your processes number limit is 7815
your memory page size is 4096 bytes
detected max file descriptor number: 65535
lock engine: pthread robust mutexes
thunder lock: disabled (you can enable it with --thunder-lock)
uwsgi socket 0 bound to TCP address :8077 fd 3
Python version: 2.7.3 (default, Feb 27 2014, 20:09:21)  [GCC 4.6.3]
*** Python threads support is disabled. You can enable it with --enable-threads ***
Python main interpreter initialized at 0x1461e60
your server socket listen backlog is limited to 100 connections
your mercy for graceful operations on workers is 60 seconds
mapped 72760 bytes (71 KB) for 1 cores
*** Operational MODE: single process ***
WSGI app 0 (mountpoint='') ready in 1 seconds on interpreter 0x1461e60 pid: 11697 (default app)
*** uWSGI is running in multiple interpreter mode ***
spawned uWSGI worker 1 (and the only) (pid: 11697, cores: 1)
*** Starting uWSGI 2.0.3 (64bit) on [Thu Aug 28 00:21:33 2014] ***
compiled with version: 4.6.3 on 12 April 2014 21:45:32
os: Linux-3.2.0-29-generic #46-Ubuntu SMP Fri Jul 27 17:03:23 UTC 2012
nodename: AY14040915414956495eZ
machine: x86_64
clock source: unix
detected number of CPU cores: 1
current working directory: /home/cugbacm/oj/oj/cugbacm
detected binary path: /usr/local/bin/uwsgi
!!! no internal routing support, rebuild with pcre support !!!
uWSGI running as root, you can use --uid/--gid/--chroot options
*** WARNING: you are running uWSGI as root !!! (use the --uid flag) *** 
*** WARNING: you are running uWSGI without its master process manager ***
your processes number limit is 7815
your memory page size is 4096 bytes
detected max file descriptor number: 65535
lock engine: pthread robust mutexes
thunder lock: disabled (you can enable it with --thunder-lock)
uwsgi socket 0 bound to TCP address :8077 fd 3
Python version: 2.7.3 (default, Feb 27 2014, 20:09:21)  [GCC 4.6.3]
*** Python threads support is disabled. You can enable it with --enable-threads ***
Python main interpreter initialized at 0x1968e60
your server socket listen backlog is limited to 100 connections
your mercy for graceful operations on workers is 60 seconds
mapped 72760 bytes (71 KB) for 1 cores
*** Operational MODE: single process ***
WSGI app 0 (mountpoint='') ready in 1 seconds on interpreter 0x1968e60 pid: 11708 (default app)
*** uWSGI is running in multiple interpreter mode ***
spawned uWSGI worker 1 (and the only) (pid: 11708, cores: 1)
[pid: 11708|app: 0|req: 1/1] 114.248.167.22 () {38 vars in 750 bytes} [Thu Aug 28 00:21:35 2014] GET /index/login/ => generated 116946 bytes in 429 msecs (HTTP/1.1 500) 2 headers in 92 bytes (1 switches on core 0)
*** Starting uWSGI 2.0.3 (64bit) on [Thu Aug 28 00:23:28 2014] ***
compiled with version: 4.6.3 on 12 April 2014 21:45:32
os: Linux-3.2.0-29-generic #46-Ubuntu SMP Fri Jul 27 17:03:23 UTC 2012
nodename: AY14040915414956495eZ
machine: x86_64
clock source: unix
detected number of CPU cores: 1
current working directory: /home/cugbacm/oj/oj/cugbacm
detected binary path: /usr/local/bin/uwsgi
!!! no internal routing support, rebuild with pcre support !!!
uWSGI running as root, you can use --uid/--gid/--chroot options
*** WARNING: you are running uWSGI as root !!! (use the --uid flag) *** 
*** WARNING: you are running uWSGI without its master process manager ***
your processes number limit is 7815
your memory page size is 4096 bytes
detected max file descriptor number: 65535
lock engine: pthread robust mutexes
thunder lock: disabled (you can enable it with --thunder-lock)
uwsgi socket 0 bound to TCP address :8077 fd 3
Python version: 2.7.3 (default, Feb 27 2014, 20:09:21)  [GCC 4.6.3]
*** Python threads support is disabled. You can enable it with --enable-threads ***
Python main interpreter initialized at 0xfbae60
your server socket listen backlog is limited to 100 connections
your mercy for graceful operations on workers is 60 seconds
mapped 72760 bytes (71 KB) for 1 cores
*** Operational MODE: single process ***
WSGI app 0 (mountpoint='') ready in 0 seconds on interpreter 0xfbae60 pid: 11916 (default app)
*** uWSGI is running in multiple interpreter mode ***
spawned uWSGI worker 1 (and the only) (pid: 11916, cores: 1)
*** Starting uWSGI 2.0.3 (64bit) on [Thu Aug 28 00:23:29 2014] ***
compiled with version: 4.6.3 on 12 April 2014 21:45:32
os: Linux-3.2.0-29-generic #46-Ubuntu SMP Fri Jul 27 17:03:23 UTC 2012
nodename: AY14040915414956495eZ
machine: x86_64
clock source: unix
detected number of CPU cores: 1
current working directory: /home/cugbacm/oj/oj/cugbacm
detected binary path: /usr/local/bin/uwsgi
!!! no internal routing support, rebuild with pcre support !!!
uWSGI running as root, you can use --uid/--gid/--chroot options
*** WARNING: you are running uWSGI as root !!! (use the --uid flag) *** 
*** WARNING: you are running uWSGI without its master process manager ***
your processes number limit is 7815
your memory page size is 4096 bytes
detected max file descriptor number: 65535
lock engine: pthread robust mutexes
thunder lock: disabled (you can enable it with --thunder-lock)
uwsgi socket 0 bound to TCP address :8077 fd 3
Python version: 2.7.3 (default, Feb 27 2014, 20:09:21)  [GCC 4.6.3]
*** Python threads support is disabled. You can enable it with --enable-threads ***
Python main interpreter initialized at 0x925e60
your server socket listen backlog is limited to 100 connections
your mercy for graceful operations on workers is 60 seconds
mapped 72760 bytes (71 KB) for 1 cores
*** Operational MODE: single process ***
WSGI app 0 (mountpoint='') ready in 0 seconds on interpreter 0x925e60 pid: 11927 (default app)
*** uWSGI is running in multiple interpreter mode ***
spawned uWSGI worker 1 (and the only) (pid: 11927, cores: 1)
[pid: 11927|app: 0|req: 1/1] 114.248.167.22 () {38 vars in 750 bytes} [Thu Aug 28 00:23:31 2014] GET /index/login/ => generated 4558 bytes in 305 msecs (HTTP/1.1 200) 5 headers in 355 bytes (1 switches on core 0)
[pid: 11927|app: 0|req: 2/2] 114.248.167.22 () {48 vars in 960 bytes} [Thu Aug 28 00:23:33 2014] POST /index/login/ => generated 7 bytes in 15 msecs (HTTP/1.1 200) 4 headers in 233 bytes (1 switches on core 0)
[pid: 11927|app: 0|req: 3/3] 114.248.167.22 () {40 vars in 812 bytes} [Thu Aug 28 00:23:33 2014] GET /index/problemList/ => generated 27913 bytes in 60 msecs (HTTP/1.1 200) 4 headers in 224 bytes (1 switches on core 0)
[pid: 11927|app: 0|req: 4/4] 114.248.167.22 () {40 vars in 818 bytes} [Thu Aug 28 00:23:34 2014] GET /index/contestList/ => generated 5467 bytes in 33 msecs (HTTP/1.1 200) 4 headers in 224 bytes (1 switches on core 0)
[pid: 11927|app: 0|req: 5/5] 114.248.167.22 () {40 vars in 816 bytes} [Thu Aug 28 00:23:35 2014] GET /index/submitList/ => generated 38111 bytes in 81 msecs (HTTP/1.1 200) 4 headers in 224 bytes (1 switches on core 0)
[pid: 11927|app: 0|req: 6/6] 114.248.167.22 () {40 vars in 817 bytes} [Thu Aug 28 00:23:36 2014] GET /index/problemList/ => generated 27913 bytes in 60 msecs (HTTP/1.1 200) 4 headers in 224 bytes (1 switches on core 0)
[pid: 11927|app: 0|req: 7/7] 114.248.167.22 () {40 vars in 813 bytes} [Thu Aug 28 00:26:39 2014] GET /index/submitList/ => generated 38111 bytes in 80 msecs (HTTP/1.1 200) 4 headers in 224 bytes (1 switches on core 0)
*** Starting uWSGI 2.0.3 (64bit) on [Wed Sep  3 07:25:16 2014] ***
compiled with version: 4.6.3 on 12 April 2014 21:45:32
os: Linux-3.2.0-29-generic #46-Ubuntu SMP Fri Jul 27 17:03:23 UTC 2012
nodename: AY14040915414956495eZ
machine: x86_64
clock source: unix
detected number of CPU cores: 1
current working directory: /home/cugbacm/oj/oj/cugbacm
detected binary path: /usr/local/bin/uwsgi
!!! no internal routing support, rebuild with pcre support !!!
uWSGI running as root, you can use --uid/--gid/--chroot options
*** WARNING: you are running uWSGI as root !!! (use the --uid flag) *** 
*** WARNING: you are running uWSGI without its master process manager ***
your processes number limit is 7815
your memory page size is 4096 bytes
detected max file descriptor number: 65535
lock engine: pthread robust mutexes
thunder lock: disabled (you can enable it with --thunder-lock)
uwsgi socket 0 bound to TCP address :8077 fd 3
Python version: 2.7.3 (default, Feb 27 2014, 20:09:21)  [GCC 4.6.3]
*** Python threads support is disabled. You can enable it with --enable-threads ***
Python main interpreter initialized at 0x1a74e60
your server socket listen backlog is limited to 100 connections
your mercy for graceful operations on workers is 60 seconds
mapped 72760 bytes (71 KB) for 1 cores
*** Operational MODE: single process ***
WSGI app 0 (mountpoint='') ready in 0 seconds on interpreter 0x1a74e60 pid: 14568 (default app)
*** uWSGI is running in multiple interpreter mode ***
spawned uWSGI worker 1 (and the only) (pid: 14568, cores: 1)
[pid: 14568|app: 0|req: 1/1] 123.120.37.70 () {48 vars in 1022 bytes} [Wed Sep  3 07:25:21 2014] POST /index/contest/1/problem/1000 => generated 53886 bytes in 403 msecs (HTTP/1.1 500) 3 headers in 106 bytes (1 switches on core 0)
[pid: 14568|app: 0|req: 2/2] 123.120.37.70 () {48 vars in 1022 bytes} [Wed Sep  3 07:25:29 2014] POST /index/contest/1/problem/1000 => generated 53886 bytes in 85 msecs (HTTP/1.1 500) 3 headers in 106 bytes (1 switches on core 0)
*** Starting uWSGI 2.0.3 (64bit) on [Wed Sep  3 07:29:10 2014] ***
compiled with version: 4.6.3 on 12 April 2014 21:45:32
os: Linux-3.2.0-29-generic #46-Ubuntu SMP Fri Jul 27 17:03:23 UTC 2012
nodename: AY14040915414956495eZ
machine: x86_64
clock source: unix
detected number of CPU cores: 1
current working directory: /home/cugbacm/oj/oj/cugbacm
detected binary path: /usr/local/bin/uwsgi
!!! no internal routing support, rebuild with pcre support !!!
uWSGI running as root, you can use --uid/--gid/--chroot options
*** WARNING: you are running uWSGI as root !!! (use the --uid flag) *** 
*** WARNING: you are running uWSGI without its master process manager ***
your processes number limit is 7815
your memory page size is 4096 bytes
detected max file descriptor number: 65535
lock engine: pthread robust mutexes
thunder lock: disabled (you can enable it with --thunder-lock)
uwsgi socket 0 bound to TCP address :8077 fd 3
Python version: 2.7.3 (default, Feb 27 2014, 20:09:21)  [GCC 4.6.3]
*** Python threads support is disabled. You can enable it with --enable-threads ***
Python main interpreter initialized at 0xa16e60
your server socket listen backlog is limited to 100 connections
your mercy for graceful operations on workers is 60 seconds
mapped 72760 bytes (71 KB) for 1 cores
*** Operational MODE: single process ***
WSGI app 0 (mountpoint='') ready in 0 seconds on interpreter 0xa16e60 pid: 14776 (default app)
*** uWSGI is running in multiple interpreter mode ***
spawned uWSGI worker 1 (and the only) (pid: 14776, cores: 1)
*** Starting uWSGI 2.0.3 (64bit) on [Wed Sep  3 07:29:11 2014] ***
compiled with version: 4.6.3 on 12 April 2014 21:45:32
os: Linux-3.2.0-29-generic #46-Ubuntu SMP Fri Jul 27 17:03:23 UTC 2012
nodename: AY14040915414956495eZ
machine: x86_64
clock source: unix
detected number of CPU cores: 1
current working directory: /home/cugbacm/oj/oj/cugbacm
detected binary path: /usr/local/bin/uwsgi
!!! no internal routing support, rebuild with pcre support !!!
uWSGI running as root, you can use --uid/--gid/--chroot options
*** WARNING: you are running uWSGI as root !!! (use the --uid flag) *** 
*** WARNING: you are running uWSGI without its master process manager ***
your processes number limit is 7815
your memory page size is 4096 bytes
detected max file descriptor number: 65535
lock engine: pthread robust mutexes
thunder lock: disabled (you can enable it with --thunder-lock)
uwsgi socket 0 bound to TCP address :8077 fd 3
Python version: 2.7.3 (default, Feb 27 2014, 20:09:21)  [GCC 4.6.3]
*** Python threads support is disabled. You can enable it with --enable-threads ***
Python main interpreter initialized at 0x179de60
your server socket listen backlog is limited to 100 connections
your mercy for graceful operations on workers is 60 seconds
mapped 72760 bytes (71 KB) for 1 cores
*** Operational MODE: single process ***
WSGI app 0 (mountpoint='') ready in 0 seconds on interpreter 0x179de60 pid: 14787 (default app)
*** uWSGI is running in multiple interpreter mode ***
spawned uWSGI worker 1 (and the only) (pid: 14787, cores: 1)
[pid: 14787|app: 0|req: 1/1] 123.120.37.70 () {48 vars in 1022 bytes} [Wed Sep  3 07:29:14 2014] POST /index/contest/1/problem/1000 => generated 101058 bytes in 422 msecs (HTTP/1.1 500) 2 headers in 92 bytes (1 switches on core 0)
*** Starting uWSGI 2.0.3 (64bit) on [Wed Sep  3 07:29:20 2014] ***
compiled with version: 4.6.3 on 12 April 2014 21:45:32
os: Linux-3.2.0-29-generic #46-Ubuntu SMP Fri Jul 27 17:03:23 UTC 2012
nodename: AY14040915414956495eZ
machine: x86_64
clock source: unix
detected number of CPU cores: 1
current working directory: /home/cugbacm/oj/oj/cugbacm
detected binary path: /usr/local/bin/uwsgi
!!! no internal routing support, rebuild with pcre support !!!
uWSGI running as root, you can use --uid/--gid/--chroot options
*** WARNING: you are running uWSGI as root !!! (use the --uid flag) *** 
*** WARNING: you are running uWSGI without its master process manager ***
your processes number limit is 7815
your memory page size is 4096 bytes
detected max file descriptor number: 65535
lock engine: pthread robust mutexes
thunder lock: disabled (you can enable it with --thunder-lock)
uwsgi socket 0 bound to TCP address :8077 fd 3
Python version: 2.7.3 (default, Feb 27 2014, 20:09:21)  [GCC 4.6.3]
*** Python threads support is disabled. You can enable it with --enable-threads ***
Python main interpreter initialized at 0x2402e60
your server socket listen backlog is limited to 100 connections
your mercy for graceful operations on workers is 60 seconds
mapped 72760 bytes (71 KB) for 1 cores
*** Operational MODE: single process ***
WSGI app 0 (mountpoint='') ready in 0 seconds on interpreter 0x2402e60 pid: 14812 (default app)
*** uWSGI is running in multiple interpreter mode ***
spawned uWSGI worker 1 (and the only) (pid: 14812, cores: 1)
*** Starting uWSGI 2.0.3 (64bit) on [Wed Sep  3 07:29:32 2014] ***
compiled with version: 4.6.3 on 12 April 2014 21:45:32
os: Linux-3.2.0-29-generic #46-Ubuntu SMP Fri Jul 27 17:03:23 UTC 2012
nodename: AY14040915414956495eZ
machine: x86_64
clock source: unix
detected number of CPU cores: 1
current working directory: /home/cugbacm/oj/oj/cugbacm
detected binary path: /usr/local/bin/uwsgi
!!! no internal routing support, rebuild with pcre support !!!
uWSGI running as root, you can use --uid/--gid/--chroot options
*** WARNING: you are running uWSGI as root !!! (use the --uid flag) *** 
*** WARNING: you are running uWSGI without its master process manager ***
your processes number limit is 7815
your memory page size is 4096 bytes
detected max file descriptor number: 65535
lock engine: pthread robust mutexes
thunder lock: disabled (you can enable it with --thunder-lock)
uwsgi socket 0 bound to TCP address :8077 fd 3
Python version: 2.7.3 (default, Feb 27 2014, 20:09:21)  [GCC 4.6.3]
*** Python threads support is disabled. You can enable it with --enable-threads ***
Python main interpreter initialized at 0x2300e60
your server socket listen backlog is limited to 100 connections
your mercy for graceful operations on workers is 60 seconds
mapped 72760 bytes (71 KB) for 1 cores
*** Operational MODE: single process ***
WSGI app 0 (mountpoint='') ready in 0 seconds on interpreter 0x2300e60 pid: 14834 (default app)
*** uWSGI is running in multiple interpreter mode ***
spawned uWSGI worker 1 (and the only) (pid: 14834, cores: 1)
*** Starting uWSGI 2.0.3 (64bit) on [Wed Sep  3 07:29:32 2014] ***
compiled with version: 4.6.3 on 12 April 2014 21:45:32
os: Linux-3.2.0-29-generic #46-Ubuntu SMP Fri Jul 27 17:03:23 UTC 2012
nodename: AY14040915414956495eZ
machine: x86_64
clock source: unix
detected number of CPU cores: 1
current working directory: /home/cugbacm/oj/oj/cugbacm
detected binary path: /usr/local/bin/uwsgi
!!! no internal routing support, rebuild with pcre support !!!
uWSGI running as root, you can use --uid/--gid/--chroot options
*** WARNING: you are running uWSGI as root !!! (use the --uid flag) *** 
*** WARNING: you are running uWSGI without its master process manager ***
your processes number limit is 7815
your memory page size is 4096 bytes
detected max file descriptor number: 65535
lock engine: pthread robust mutexes
thunder lock: disabled (you can enable it with --thunder-lock)
uwsgi socket 0 bound to TCP address :8077 fd 3
Python version: 2.7.3 (default, Feb 27 2014, 20:09:21)  [GCC 4.6.3]
*** Python threads support is disabled. You can enable it with --enable-threads ***
Python main interpreter initialized at 0x902e60
your server socket listen backlog is limited to 100 connections
your mercy for graceful operations on workers is 60 seconds
mapped 72760 bytes (71 KB) for 1 cores
*** Operational MODE: single process ***
WSGI app 0 (mountpoint='') ready in 1 seconds on interpreter 0x902e60 pid: 14851 (default app)
*** uWSGI is running in multiple interpreter mode ***
spawned uWSGI worker 1 (and the only) (pid: 14851, cores: 1)
[pid: 14851|app: 0|req: 1/1] 123.120.37.70 () {48 vars in 1022 bytes} [Wed Sep  3 07:29:35 2014] POST /index/contest/1/problem/1000 => generated 101091 bytes in 414 msecs (HTTP/1.1 500) 2 headers in 92 bytes (1 switches on core 0)
*** Starting uWSGI 2.0.3 (64bit) on [Wed Sep  3 07:30:02 2014] ***
compiled with version: 4.6.3 on 12 April 2014 21:45:32
os: Linux-3.2.0-29-generic #46-Ubuntu SMP Fri Jul 27 17:03:23 UTC 2012
nodename: AY14040915414956495eZ
machine: x86_64
clock source: unix
detected number of CPU cores: 1
current working directory: /home/cugbacm/oj/oj/cugbacm
detected binary path: /usr/local/bin/uwsgi
!!! no internal routing support, rebuild with pcre support !!!
uWSGI running as root, you can use --uid/--gid/--chroot options
*** WARNING: you are running uWSGI as root !!! (use the --uid flag) *** 
*** WARNING: you are running uWSGI without its master process manager ***
your processes number limit is 7815
your memory page size is 4096 bytes
detected max file descriptor number: 65535
lock engine: pthread robust mutexes
thunder lock: disabled (you can enable it with --thunder-lock)
uwsgi socket 0 bound to TCP address :8077 fd 3
Python version: 2.7.3 (default, Feb 27 2014, 20:09:21)  [GCC 4.6.3]
*** Python threads support is disabled. You can enable it with --enable-threads ***
Python main interpreter initialized at 0x1a91e60
your server socket listen backlog is limited to 100 connections
your mercy for graceful operations on workers is 60 seconds
mapped 72760 bytes (71 KB) for 1 cores
*** Operational MODE: single process ***
WSGI app 0 (mountpoint='') ready in 1 seconds on interpreter 0x1a91e60 pid: 14887 (default app)
*** uWSGI is running in multiple interpreter mode ***
spawned uWSGI worker 1 (and the only) (pid: 14887, cores: 1)
*** Starting uWSGI 2.0.3 (64bit) on [Wed Sep  3 07:30:03 2014] ***
compiled with version: 4.6.3 on 12 April 2014 21:45:32
os: Linux-3.2.0-29-generic #46-Ubuntu SMP Fri Jul 27 17:03:23 UTC 2012
nodename: AY14040915414956495eZ
machine: x86_64
clock source: unix
detected number of CPU cores: 1
current working directory: /home/cugbacm/oj/oj/cugbacm
detected binary path: /usr/local/bin/uwsgi
!!! no internal routing support, rebuild with pcre support !!!
uWSGI running as root, you can use --uid/--gid/--chroot options
*** WARNING: you are running uWSGI as root !!! (use the --uid flag) *** 
*** WARNING: you are running uWSGI without its master process manager ***
your processes number limit is 7815
your memory page size is 4096 bytes
detected max file descriptor number: 65535
lock engine: pthread robust mutexes
thunder lock: disabled (you can enable it with --thunder-lock)
uwsgi socket 0 bound to TCP address :8077 fd 3
Python version: 2.7.3 (default, Feb 27 2014, 20:09:21)  [GCC 4.6.3]
*** Python threads support is disabled. You can enable it with --enable-threads ***
Python main interpreter initialized at 0x1073e60
your server socket listen backlog is limited to 100 connections
your mercy for graceful operations on workers is 60 seconds
mapped 72760 bytes (71 KB) for 1 cores
*** Operational MODE: single process ***
WSGI app 0 (mountpoint='') ready in 0 seconds on interpreter 0x1073e60 pid: 14898 (default app)
*** uWSGI is running in multiple interpreter mode ***
spawned uWSGI worker 1 (and the only) (pid: 14898, cores: 1)
[pid: 14898|app: 0|req: 1/1] 123.120.37.70 () {48 vars in 1022 bytes} [Wed Sep  3 07:30:06 2014] POST /index/contest/1/problem/1000 => generated 54034 bytes in 486 msecs (HTTP/1.1 500) 3 headers in 106 bytes (1 switches on core 0)
*** Starting uWSGI 2.0.3 (64bit) on [Wed Sep  3 07:30:55 2014] ***
compiled with version: 4.6.3 on 12 April 2014 21:45:32
os: Linux-3.2.0-29-generic #46-Ubuntu SMP Fri Jul 27 17:03:23 UTC 2012
nodename: AY14040915414956495eZ
machine: x86_64
clock source: unix
detected number of CPU cores: 1
current working directory: /home/cugbacm/oj/oj/cugbacm
detected binary path: /usr/local/bin/uwsgi
!!! no internal routing support, rebuild with pcre support !!!
uWSGI running as root, you can use --uid/--gid/--chroot options
*** WARNING: you are running uWSGI as root !!! (use the --uid flag) *** 
*** WARNING: you are running uWSGI without its master process manager ***
your processes number limit is 7815
your memory page size is 4096 bytes
detected max file descriptor number: 65535
lock engine: pthread robust mutexes
thunder lock: disabled (you can enable it with --thunder-lock)
uwsgi socket 0 bound to TCP address :8077 fd 3
Python version: 2.7.3 (default, Feb 27 2014, 20:09:21)  [GCC 4.6.3]
*** Python threads support is disabled. You can enable it with --enable-threads ***
Python main interpreter initialized at 0xedae60
your server socket listen backlog is limited to 100 connections
your mercy for graceful operations on workers is 60 seconds
mapped 72760 bytes (71 KB) for 1 cores
*** Operational MODE: single process ***
WSGI app 0 (mountpoint='') ready in 0 seconds on interpreter 0xedae60 pid: 14953 (default app)
*** uWSGI is running in multiple interpreter mode ***
spawned uWSGI worker 1 (and the only) (pid: 14953, cores: 1)
*** Starting uWSGI 2.0.3 (64bit) on [Wed Sep  3 07:30:55 2014] ***
compiled with version: 4.6.3 on 12 April 2014 21:45:32
os: Linux-3.2.0-29-generic #46-Ubuntu SMP Fri Jul 27 17:03:23 UTC 2012
nodename: AY14040915414956495eZ
machine: x86_64
clock source: unix
detected number of CPU cores: 1
current working directory: /home/cugbacm/oj/oj/cugbacm
detected binary path: /usr/local/bin/uwsgi
!!! no internal routing support, rebuild with pcre support !!!
uWSGI running as root, you can use --uid/--gid/--chroot options
*** WARNING: you are running uWSGI as root !!! (use the --uid flag) *** 
*** WARNING: you are running uWSGI without its master process manager ***
your processes number limit is 7815
your memory page size is 4096 bytes
detected max file descriptor number: 65535
lock engine: pthread robust mutexes
thunder lock: disabled (you can enable it with --thunder-lock)
uwsgi socket 0 bound to TCP address :8077 fd 3
Python version: 2.7.3 (default, Feb 27 2014, 20:09:21)  [GCC 4.6.3]
*** Python threads support is disabled. You can enable it with --enable-threads ***
Python main interpreter initialized at 0x945e60
your server socket listen backlog is limited to 100 connections
your mercy for graceful operations on workers is 60 seconds
mapped 72760 bytes (71 KB) for 1 cores
*** Operational MODE: single process ***
WSGI app 0 (mountpoint='') ready in 1 seconds on interpreter 0x945e60 pid: 14970 (default app)
*** uWSGI is running in multiple interpreter mode ***
spawned uWSGI worker 1 (and the only) (pid: 14970, cores: 1)
[pid: 14970|app: 0|req: 1/1] 123.120.37.70 () {48 vars in 1022 bytes} [Wed Sep  3 07:30:58 2014] POST /index/contest/1/problem/1000 => generated 116553 bytes in 422 msecs (HTTP/1.1 500) 2 headers in 92 bytes (1 switches on core 0)
