*** Starting uWSGI 2.0.3 (64bit) on [Wed Apr 30 20:49:58 2014] ***
compiled with version: 4.6.3 on 11 April 2014 21:03:50
os: Linux-3.11.0-19-generic #33~precise1-Ubuntu SMP Wed Mar 12 21:16:27 UTC 2014
nodename: cugbacm-Lenovo-Product
machine: x86_64
clock source: unix
detected number of CPU cores: 4
current working directory: /home/cugbacm/oj/oj
detected binary path: /usr/local/bin/uwsgi
!!! no internal routing support, rebuild with pcre support !!!
uWSGI running as root, you can use --uid/--gid/--chroot options
*** WARNING: you are running uWSGI as root !!! (use the --uid flag) *** 
*** WARNING: you are running uWSGI without its master process manager ***
your processes number limit is 31140
your memory page size is 4096 bytes
detected max file descriptor number: 1024
lock engine: pthread robust mutexes
thunder lock: disabled (you can enable it with --thunder-lock)
probably another instance of uWSGI is running on the same address (:8077).
bind(): Address already in use [core/socket.c line 759]
*** Starting uWSGI 2.0.3 (64bit) on [Wed Apr 30 20:49:59 2014] ***
compiled with version: 4.6.3 on 11 April 2014 21:03:50
os: Linux-3.11.0-19-generic #33~precise1-Ubuntu SMP Wed Mar 12 21:16:27 UTC 2014
nodename: cugbacm-Lenovo-Product
machine: x86_64
clock source: unix
detected number of CPU cores: 4
current working directory: /home/cugbacm/oj/oj
detected binary path: /usr/local/bin/uwsgi
!!! no internal routing support, rebuild with pcre support !!!
uWSGI running as root, you can use --uid/--gid/--chroot options
*** WARNING: you are running uWSGI as root !!! (use the --uid flag) *** 
*** WARNING: you are running uWSGI without its master process manager ***
your processes number limit is 31140
your memory page size is 4096 bytes
detected max file descriptor number: 1024
lock engine: pthread robust mutexes
thunder lock: disabled (you can enable it with --thunder-lock)
uwsgi socket 0 bound to TCP address :8077 fd 3
Python version: 2.7.3 (default, Feb 27 2014, 20:09:21)  [GCC 4.6.3]
*** Python threads support is disabled. You can enable it with --enable-threads ***
Python main interpreter initialized at 0x1410fb0
your server socket listen backlog is limited to 100 connections
your mercy for graceful operations on workers is 60 seconds
mapped 291040 bytes (284 KB) for 4 cores
*** Operational MODE: preforking ***
WSGI app 0 (mountpoint='') ready in 0 seconds on interpreter 0x1410fb0 pid: 9241 (default app)
*** uWSGI is running in multiple interpreter mode ***
spawned uWSGI worker 1 (pid: 9241, cores: 1)
spawned uWSGI worker 2 (pid: 9242, cores: 1)
spawned uWSGI worker 3 (pid: 9243, cores: 1)
spawned uWSGI worker 4 (pid: 9244, cores: 1)
*** Starting uWSGI 2.0.3 (64bit) on [Wed Apr 30 20:49:59 2014] ***
compiled with version: 4.6.3 on 11 April 2014 21:03:50
os: Linux-3.11.0-19-generic #33~precise1-Ubuntu SMP Wed Mar 12 21:16:27 UTC 2014
nodename: cugbacm-Lenovo-Product
machine: x86_64
clock source: unix
detected number of CPU cores: 4
current working directory: /home/cugbacm/oj/oj
detected binary path: /usr/local/bin/uwsgi
!!! no internal routing support, rebuild with pcre support !!!
uWSGI running as root, you can use --uid/--gid/--chroot options
*** WARNING: you are running uWSGI as root !!! (use the --uid flag) *** 
*** WARNING: you are running uWSGI without its master process manager ***
your processes number limit is 31140
your memory page size is 4096 bytes
detected max file descriptor number: 1024
lock engine: pthread robust mutexes
thunder lock: disabled (you can enable it with --thunder-lock)
uwsgi socket 0 bound to TCP address :8077 fd 3
Python version: 2.7.3 (default, Feb 27 2014, 20:09:21)  [GCC 4.6.3]
*** Python threads support is disabled. You can enable it with --enable-threads ***
Python main interpreter initialized at 0x2582fb0
your server socket listen backlog is limited to 100 connections
your mercy for graceful operations on workers is 60 seconds
mapped 291040 bytes (284 KB) for 4 cores
*** Operational MODE: preforking ***
WSGI app 0 (mountpoint='') ready in 0 seconds on interpreter 0x2582fb0 pid: 9255 (default app)
*** uWSGI is running in multiple interpreter mode ***
spawned uWSGI worker 1 (pid: 9255, cores: 1)
spawned uWSGI worker 2 (pid: 9256, cores: 1)
spawned uWSGI worker 3 (pid: 9257, cores: 1)
spawned uWSGI worker 4 (pid: 9258, cores: 1)
[pid: 9256|app: 0|req: 1/1] 127.0.0.1 () {42 vars in 914 bytes} [Wed Apr 30 20:50:02 2014] GET /index/login/ => generated 2808 bytes in 193 msecs (HTTP/1.1 200) 4 headers in 224 bytes (1 switches on core 0)
[pid: 9257|app: 0|req: 1/2] 127.0.0.1 () {44 vars in 951 bytes} [Wed Apr 30 20:50:02 2014] GET /site_media/dist/js/jquery-2.1.0.min.js => generated 83615 bytes in 172 msecs (HTTP/1.1 200) 4 headers in 155 bytes (4 switches on core 0)
[pid: 9258|app: 0|req: 1/3] 127.0.0.1 () {44 vars in 950 bytes} [Wed Apr 30 20:50:02 2014] GET /site_media/dist/css/signin.css => generated 792 bytes in 169 msecs (HTTP/1.1 200) 4 headers in 139 bytes (40 switches on core 0)
[pid: 9255|app: 0|req: 1/4] 127.0.0.1 () {44 vars in 956 bytes} [Wed Apr 30 20:50:02 2014] GET /site_media/dist/css/bootstrap.css => generated 122848 bytes in 201 msecs (HTTP/1.1 200) 4 headers in 142 bytes (7118 switches on core 0)
[pid: 9256|app: 0|req: 2/5] 127.0.0.1 () {50 vars in 1083 bytes} [Wed Apr 30 20:50:05 2014] POST /index/login/ => generated 15 bytes in 5 msecs (HTTP/1.1 200) 2 headers in 88 bytes (1 switches on core 0)
[pid: 9256|app: 0|req: 3/6] 127.0.0.1 () {40 vars in 912 bytes} [Wed Apr 30 20:50:06 2014] GET /index/register/ => generated 2952 bytes in 3 msecs (HTTP/1.1 200) 4 headers in 224 bytes (1 switches on core 0)
[pid: 9258|app: 0|req: 2/7] 127.0.0.1 () {44 vars in 1032 bytes} [Wed Apr 30 20:50:29 2014] POST /index/register/ => generated 0 bytes in 258 msecs (HTTP/1.1 302) 5 headers in 282 bytes (1 switches on core 0)
[pid: 9257|app: 0|req: 2/8] 127.0.0.1 () {40 vars in 919 bytes} [Wed Apr 30 20:50:29 2014] GET /index/problemList => generated 0 bytes in 4 msecs (HTTP/1.1 301) 3 headers in 150 bytes (1 switches on core 0)
[pid: 9258|app: 0|req: 3/9] 127.0.0.1 () {40 vars in 921 bytes} [Wed Apr 30 20:50:29 2014] GET /index/problemList/ => generated 3444 bytes in 21 msecs (HTTP/1.1 200) 3 headers in 102 bytes (1 switches on core 0)
[pid: 9256|app: 0|req: 4/10] 127.0.0.1 () {40 vars in 922 bytes} [Wed Apr 30 20:50:31 2014] GET /index/submitList/ => generated 22779 bytes in 50 msecs (HTTP/1.1 200) 3 headers in 102 bytes (1 switches on core 0)
[pid: 9255|app: 0|req: 2/11] 127.0.0.1 () {40 vars in 917 bytes} [Wed Apr 30 20:50:32 2014] GET /index/userList/ => generated 5236 bytes in 28 msecs (HTTP/1.1 200) 3 headers in 102 bytes (1 switches on core 0)
