*** Starting uWSGI 2.0.3 (64bit) on [Wed Aug 27 23:45:22 2014] ***
compiled with version: 4.6.3 on 12 April 2014 21:45:32
os: Linux-3.2.0-29-generic #46-Ubuntu SMP Fri Jul 27 17:03:23 UTC 2012
nodename: AY14040915414956495eZ
machine: x86_64
clock source: unix
detected number of CPU cores: 1
current working directory: /home/cugbacm/oj/oj/oj
detected binary path: /usr/local/bin/uwsgi
!!! no internal routing support, rebuild with pcre support !!!
uWSGI running as root, you can use --uid/--gid/--chroot options
*** WARNING: you are running uWSGI as root !!! (use the --uid flag) *** 
*** WARNING: you are running uWSGI without its master process manager ***
your processes number limit is 7815
your memory page size is 4096 bytes
detected max file descriptor number: 65535
lock engine: pthread robust mutexes
thunder lock: disabled (you can enable it with --thunder-lock)
uwsgi socket 0 bound to TCP address :8077 fd 3
Python version: 2.7.3 (default, Feb 27 2014, 20:09:21)  [GCC 4.6.3]
*** Python threads support is disabled. You can enable it with --enable-threads ***
Python main interpreter initialized at 0x2651e60
your server socket listen backlog is limited to 100 connections
your mercy for graceful operations on workers is 60 seconds
mapped 72760 bytes (71 KB) for 1 cores
*** Operational MODE: single process ***
WSGI app 0 (mountpoint='') ready in 1 seconds on interpreter 0x2651e60 pid: 7699 (default app)
*** uWSGI is running in multiple interpreter mode ***
spawned uWSGI worker 1 (and the only) (pid: 7699, cores: 1)
*** Starting uWSGI 2.0.3 (64bit) on [Wed Aug 27 23:45:24 2014] ***
compiled with version: 4.6.3 on 12 April 2014 21:45:32
os: Linux-3.2.0-29-generic #46-Ubuntu SMP Fri Jul 27 17:03:23 UTC 2012
nodename: AY14040915414956495eZ
machine: x86_64
clock source: unix
detected number of CPU cores: 1
current working directory: /home/cugbacm/oj/oj/oj
detected binary path: /usr/local/bin/uwsgi
!!! no internal routing support, rebuild with pcre support !!!
uWSGI running as root, you can use --uid/--gid/--chroot options
*** WARNING: you are running uWSGI as root !!! (use the --uid flag) *** 
*** WARNING: you are running uWSGI without its master process manager ***
your processes number limit is 7815
your memory page size is 4096 bytes
detected max file descriptor number: 65535
lock engine: pthread robust mutexes
thunder lock: disabled (you can enable it with --thunder-lock)
uwsgi socket 0 bound to TCP address :8077 fd 3
Python version: 2.7.3 (default, Feb 27 2014, 20:09:21)  [GCC 4.6.3]
*** Python threads support is disabled. You can enable it with --enable-threads ***
Python main interpreter initialized at 0x1a20e60
your server socket listen backlog is limited to 100 connections
your mercy for graceful operations on workers is 60 seconds
mapped 72760 bytes (71 KB) for 1 cores
*** Operational MODE: single process ***
WSGI app 0 (mountpoint='') ready in 0 seconds on interpreter 0x1a20e60 pid: 7710 (default app)
*** uWSGI is running in multiple interpreter mode ***
spawned uWSGI worker 1 (and the only) (pid: 7710, cores: 1)
*** Starting uWSGI 2.0.3 (64bit) on [Wed Aug 27 23:45:24 2014] ***
compiled with version: 4.6.3 on 12 April 2014 21:45:32
os: Linux-3.2.0-29-generic #46-Ubuntu SMP Fri Jul 27 17:03:23 UTC 2012
nodename: AY14040915414956495eZ
machine: x86_64
clock source: unix
detected number of CPU cores: 1
current working directory: /home/cugbacm/oj/oj/oj
detected binary path: /usr/local/bin/uwsgi
!!! no internal routing support, rebuild with pcre support !!!
uWSGI running as root, you can use --uid/--gid/--chroot options
*** WARNING: you are running uWSGI as root !!! (use the --uid flag) *** 
*** WARNING: you are running uWSGI without its master process manager ***
your processes number limit is 7815
your memory page size is 4096 bytes
detected max file descriptor number: 65535
lock engine: pthread robust mutexes
thunder lock: disabled (you can enable it with --thunder-lock)
uwsgi socket 0 bound to TCP address :8077 fd 3
Python version: 2.7.3 (default, Feb 27 2014, 20:09:21)  [GCC 4.6.3]
*** Python threads support is disabled. You can enable it with --enable-threads ***
Python main interpreter initialized at 0x22a7e60
your server socket listen backlog is limited to 100 connections
your mercy for graceful operations on workers is 60 seconds
mapped 72760 bytes (71 KB) for 1 cores
*** Operational MODE: single process ***
WSGI app 0 (mountpoint='') ready in 0 seconds on interpreter 0x22a7e60 pid: 7721 (default app)
*** uWSGI is running in multiple interpreter mode ***
spawned uWSGI worker 1 (and the only) (pid: 7721, cores: 1)
[pid: 7721|app: 0|req: 1/1] 114.248.167.22 () {40 vars in 841 bytes} [Wed Aug 27 23:45:38 2014] GET /index/problem/1000?submit=7544 => generated 12810 bytes in 332 msecs (HTTP/1.1 200) 4 headers in 224 bytes (1 switches on core 0)
[pid: 7721|app: 0|req: 2/2] 114.248.167.22 () {46 vars in 983 bytes} [Wed Aug 27 23:45:39 2014] POST /index/problem/1000 => generated 0 bytes in 59 msecs (HTTP/1.1 302) 4 headers in 157 bytes (1 switches on core 0)
[pid: 7721|app: 0|req: 3/3] 114.248.167.22 () {42 vars in 866 bytes} [Wed Aug 27 23:45:39 2014] GET /index/problem/1000 => generated 12593 bytes in 47 msecs (HTTP/1.1 200) 4 headers in 224 bytes (1 switches on core 0)
[pid: 7721|app: 0|req: 4/4] 114.248.167.22 () {38 vars in 762 bytes} [Wed Aug 27 23:45:41 2014] GET /index/problem/1000 => generated 12593 bytes in 36 msecs (HTTP/1.1 200) 4 headers in 224 bytes (1 switches on core 0)
*** Starting uWSGI 2.0.3 (64bit) on [Thu Aug 28 00:05:23 2014] ***
compiled with version: 4.6.3 on 12 April 2014 21:45:32
os: Linux-3.2.0-29-generic #46-Ubuntu SMP Fri Jul 27 17:03:23 UTC 2012
nodename: AY14040915414956495eZ
machine: x86_64
clock source: unix
detected number of CPU cores: 1
current working directory: /home/cugbacm/oj/oj/oj
detected binary path: /usr/local/bin/uwsgi
!!! no internal routing support, rebuild with pcre support !!!
uWSGI running as root, you can use --uid/--gid/--chroot options
*** WARNING: you are running uWSGI as root !!! (use the --uid flag) *** 
*** WARNING: you are running uWSGI without its master process manager ***
your processes number limit is 7815
your memory page size is 4096 bytes
detected max file descriptor number: 65535
lock engine: pthread robust mutexes
thunder lock: disabled (you can enable it with --thunder-lock)
uwsgi socket 0 bound to TCP address :8077 fd 3
Python version: 2.7.3 (default, Feb 27 2014, 20:09:21)  [GCC 4.6.3]
*** Python threads support is disabled. You can enable it with --enable-threads ***
Python main interpreter initialized at 0x1d7de60
your server socket listen backlog is limited to 100 connections
your mercy for graceful operations on workers is 60 seconds
mapped 72760 bytes (71 KB) for 1 cores
*** Operational MODE: single process ***
WSGI app 0 (mountpoint='') ready in 0 seconds on interpreter 0x1d7de60 pid: 10341 (default app)
*** uWSGI is running in multiple interpreter mode ***
spawned uWSGI worker 1 (and the only) (pid: 10341, cores: 1)
*** Starting uWSGI 2.0.3 (64bit) on [Thu Aug 28 00:05:25 2014] ***
compiled with version: 4.6.3 on 12 April 2014 21:45:32
os: Linux-3.2.0-29-generic #46-Ubuntu SMP Fri Jul 27 17:03:23 UTC 2012
nodename: AY14040915414956495eZ
machine: x86_64
clock source: unix
detected number of CPU cores: 1
current working directory: /home/cugbacm/oj/oj/oj
detected binary path: /usr/local/bin/uwsgi
!!! no internal routing support, rebuild with pcre support !!!
uWSGI running as root, you can use --uid/--gid/--chroot options
*** WARNING: you are running uWSGI as root !!! (use the --uid flag) *** 
*** WARNING: you are running uWSGI without its master process manager ***
your processes number limit is 7815
your memory page size is 4096 bytes
detected max file descriptor number: 65535
lock engine: pthread robust mutexes
thunder lock: disabled (you can enable it with --thunder-lock)
uwsgi socket 0 bound to TCP address :8077 fd 3
Python version: 2.7.3 (default, Feb 27 2014, 20:09:21)  [GCC 4.6.3]
*** Python threads support is disabled. You can enable it with --enable-threads ***
Python main interpreter initialized at 0x9dae60
your server socket listen backlog is limited to 100 connections
your mercy for graceful operations on workers is 60 seconds
mapped 72760 bytes (71 KB) for 1 cores
*** Operational MODE: single process ***
WSGI app 0 (mountpoint='') ready in 0 seconds on interpreter 0x9dae60 pid: 10354 (default app)
*** uWSGI is running in multiple interpreter mode ***
spawned uWSGI worker 1 (and the only) (pid: 10354, cores: 1)
[pid: 10354|app: 0|req: 1/1] 114.248.167.22 () {38 vars in 750 bytes} [Thu Aug 28 00:05:27 2014] GET /index/login/ => generated 116937 bytes in 416 msecs (HTTP/1.1 500) 2 headers in 92 bytes (1 switches on core 0)
