*** Starting uWSGI 2.0.3 (64bit) on [Thu Aug 28 00:12:04 2014] ***
compiled with version: 4.6.3 on 12 April 2014 21:45:32
os: Linux-3.2.0-29-generic #46-Ubuntu SMP Fri Jul 27 17:03:23 UTC 2012
nodename: AY14040915414956495eZ
machine: x86_64
clock source: unix
detected number of CPU cores: 1
current working directory: /home/cugbacm/oj/oj/cugbacm/views
detected binary path: /usr/local/bin/uwsgi
!!! no internal routing support, rebuild with pcre support !!!
uWSGI running as root, you can use --uid/--gid/--chroot options
*** WARNING: you are running uWSGI as root !!! (use the --uid flag) *** 
*** WARNING: you are running uWSGI without its master process manager ***
your processes number limit is 7815
your memory page size is 4096 bytes
detected max file descriptor number: 65535
lock engine: pthread robust mutexes
thunder lock: disabled (you can enable it with --thunder-lock)
uwsgi socket 0 bound to TCP address :8077 fd 3
Python version: 2.7.3 (default, Feb 27 2014, 20:09:21)  [GCC 4.6.3]
*** Python threads support is disabled. You can enable it with --enable-threads ***
Python main interpreter initialized at 0x898e60
your server socket listen backlog is limited to 100 connections
your mercy for graceful operations on workers is 60 seconds
mapped 72760 bytes (71 KB) for 1 cores
*** Operational MODE: single process ***
WSGI app 0 (mountpoint='') ready in 0 seconds on interpreter 0x898e60 pid: 10812 (default app)
*** uWSGI is running in multiple interpreter mode ***
spawned uWSGI worker 1 (and the only) (pid: 10812, cores: 1)
*** Starting uWSGI 2.0.3 (64bit) on [Thu Aug 28 00:12:16 2014] ***
compiled with version: 4.6.3 on 12 April 2014 21:45:32
os: Linux-3.2.0-29-generic #46-Ubuntu SMP Fri Jul 27 17:03:23 UTC 2012
nodename: AY14040915414956495eZ
machine: x86_64
clock source: unix
detected number of CPU cores: 1
current working directory: /home/cugbacm/oj/oj/cugbacm/views
detected binary path: /usr/local/bin/uwsgi
!!! no internal routing support, rebuild with pcre support !!!
uWSGI running as root, you can use --uid/--gid/--chroot options
*** WARNING: you are running uWSGI as root !!! (use the --uid flag) *** 
*** WARNING: you are running uWSGI without its master process manager ***
your processes number limit is 7815
your memory page size is 4096 bytes
detected max file descriptor number: 65535
lock engine: pthread robust mutexes
thunder lock: disabled (you can enable it with --thunder-lock)
uwsgi socket 0 bound to TCP address :8077 fd 3
Python version: 2.7.3 (default, Feb 27 2014, 20:09:21)  [GCC 4.6.3]
*** Python threads support is disabled. You can enable it with --enable-threads ***
Python main interpreter initialized at 0x720e60
your server socket listen backlog is limited to 100 connections
your mercy for graceful operations on workers is 60 seconds
mapped 72760 bytes (71 KB) for 1 cores
*** Operational MODE: single process ***
WSGI app 0 (mountpoint='') ready in 0 seconds on interpreter 0x720e60 pid: 10833 (default app)
*** uWSGI is running in multiple interpreter mode ***
spawned uWSGI worker 1 (and the only) (pid: 10833, cores: 1)
*** Starting uWSGI 2.0.3 (64bit) on [Thu Aug 28 00:12:16 2014] ***
compiled with version: 4.6.3 on 12 April 2014 21:45:32
os: Linux-3.2.0-29-generic #46-Ubuntu SMP Fri Jul 27 17:03:23 UTC 2012
nodename: AY14040915414956495eZ
machine: x86_64
clock source: unix
detected number of CPU cores: 1
current working directory: /home/cugbacm/oj/oj/cugbacm/views
detected binary path: /usr/local/bin/uwsgi
!!! no internal routing support, rebuild with pcre support !!!
uWSGI running as root, you can use --uid/--gid/--chroot options
*** WARNING: you are running uWSGI as root !!! (use the --uid flag) *** 
*** WARNING: you are running uWSGI without its master process manager ***
your processes number limit is 7815
your memory page size is 4096 bytes
detected max file descriptor number: 65535
lock engine: pthread robust mutexes
thunder lock: disabled (you can enable it with --thunder-lock)
uwsgi socket 0 bound to TCP address :8077 fd 3
Python version: 2.7.3 (default, Feb 27 2014, 20:09:21)  [GCC 4.6.3]
*** Python threads support is disabled. You can enable it with --enable-threads ***
Python main interpreter initialized at 0x1aafe60
your server socket listen backlog is limited to 100 connections
your mercy for graceful operations on workers is 60 seconds
mapped 72760 bytes (71 KB) for 1 cores
*** Operational MODE: single process ***
WSGI app 0 (mountpoint='') ready in 1 seconds on interpreter 0x1aafe60 pid: 10844 (default app)
*** uWSGI is running in multiple interpreter mode ***
spawned uWSGI worker 1 (and the only) (pid: 10844, cores: 1)
[pid: 10844|app: 0|req: 1/1] 114.248.167.22 () {38 vars in 756 bytes} [Thu Aug 28 00:12:22 2014] GET /index/userList/ => generated 14329 bytes in 339 msecs (HTTP/1.1 200) 4 headers in 224 bytes (1 switches on core 0)
[pid: 10844|app: 0|req: 2/2] 114.248.167.22 () {38 vars in 762 bytes} [Thu Aug 28 00:12:22 2014] GET /index/problemList/ => generated 27913 bytes in 56 msecs (HTTP/1.1 200) 4 headers in 224 bytes (1 switches on core 0)
[pid: 10844|app: 0|req: 3/3] 114.248.167.22 () {40 vars in 806 bytes} [Thu Aug 28 00:12:24 2014] GET /index/login/ => generated 4558 bytes in 53 msecs (HTTP/1.1 200) 5 headers in 355 bytes (1 switches on core 0)
[pid: 10844|app: 0|req: 4/4] 114.248.167.22 () {40 vars in 804 bytes} [Thu Aug 28 00:12:25 2014] GET /index/register => generated 0 bytes in 3 msecs (HTTP/1.1 301) 3 headers in 152 bytes (1 switches on core 0)
[pid: 10844|app: 0|req: 5/5] 114.248.167.22 () {40 vars in 806 bytes} [Thu Aug 28 00:12:25 2014] GET /index/register/ => generated 49346 bytes in 77 msecs (HTTP/1.1 500) 2 headers in 92 bytes (1 switches on core 0)
*** Starting uWSGI 2.0.3 (64bit) on [Thu Aug 28 00:18:27 2014] ***
compiled with version: 4.6.3 on 12 April 2014 21:45:32
os: Linux-3.2.0-29-generic #46-Ubuntu SMP Fri Jul 27 17:03:23 UTC 2012
nodename: AY14040915414956495eZ
machine: x86_64
clock source: unix
detected number of CPU cores: 1
current working directory: /home/cugbacm/oj/oj/cugbacm/views
detected binary path: /usr/local/bin/uwsgi
!!! no internal routing support, rebuild with pcre support !!!
uWSGI running as root, you can use --uid/--gid/--chroot options
*** WARNING: you are running uWSGI as root !!! (use the --uid flag) *** 
*** WARNING: you are running uWSGI without its master process manager ***
your processes number limit is 7815
your memory page size is 4096 bytes
detected max file descriptor number: 65535
lock engine: pthread robust mutexes
thunder lock: disabled (you can enable it with --thunder-lock)
uwsgi socket 0 bound to TCP address :8077 fd 3
Python version: 2.7.3 (default, Feb 27 2014, 20:09:21)  [GCC 4.6.3]
*** Python threads support is disabled. You can enable it with --enable-threads ***
Python main interpreter initialized at 0x7c1e60
your server socket listen backlog is limited to 100 connections
your mercy for graceful operations on workers is 60 seconds
mapped 72760 bytes (71 KB) for 1 cores
*** Operational MODE: single process ***
WSGI app 0 (mountpoint='') ready in 1 seconds on interpreter 0x7c1e60 pid: 11413 (default app)
*** uWSGI is running in multiple interpreter mode ***
spawned uWSGI worker 1 (and the only) (pid: 11413, cores: 1)
*** Starting uWSGI 2.0.3 (64bit) on [Thu Aug 28 00:18:28 2014] ***
compiled with version: 4.6.3 on 12 April 2014 21:45:32
os: Linux-3.2.0-29-generic #46-Ubuntu SMP Fri Jul 27 17:03:23 UTC 2012
nodename: AY14040915414956495eZ
machine: x86_64
clock source: unix
detected number of CPU cores: 1
current working directory: /home/cugbacm/oj/oj/cugbacm/views
detected binary path: /usr/local/bin/uwsgi
!!! no internal routing support, rebuild with pcre support !!!
uWSGI running as root, you can use --uid/--gid/--chroot options
*** WARNING: you are running uWSGI as root !!! (use the --uid flag) *** 
*** WARNING: you are running uWSGI without its master process manager ***
your processes number limit is 7815
your memory page size is 4096 bytes
detected max file descriptor number: 65535
lock engine: pthread robust mutexes
thunder lock: disabled (you can enable it with --thunder-lock)
uwsgi socket 0 bound to TCP address :8077 fd 3
Python version: 2.7.3 (default, Feb 27 2014, 20:09:21)  [GCC 4.6.3]
*** Python threads support is disabled. You can enable it with --enable-threads ***
Python main interpreter initialized at 0x172ce60
your server socket listen backlog is limited to 100 connections
your mercy for graceful operations on workers is 60 seconds
mapped 72760 bytes (71 KB) for 1 cores
*** Operational MODE: single process ***
WSGI app 0 (mountpoint='') ready in 0 seconds on interpreter 0x172ce60 pid: 11424 (default app)
*** uWSGI is running in multiple interpreter mode ***
spawned uWSGI worker 1 (and the only) (pid: 11424, cores: 1)
*** Starting uWSGI 2.0.3 (64bit) on [Thu Aug 28 00:18:28 2014] ***
compiled with version: 4.6.3 on 12 April 2014 21:45:32
os: Linux-3.2.0-29-generic #46-Ubuntu SMP Fri Jul 27 17:03:23 UTC 2012
nodename: AY14040915414956495eZ
machine: x86_64
clock source: unix
detected number of CPU cores: 1
current working directory: /home/cugbacm/oj/oj/cugbacm/views
detected binary path: /usr/local/bin/uwsgi
!!! no internal routing support, rebuild with pcre support !!!
uWSGI running as root, you can use --uid/--gid/--chroot options
*** WARNING: you are running uWSGI as root !!! (use the --uid flag) *** 
*** WARNING: you are running uWSGI without its master process manager ***
your processes number limit is 7815
your memory page size is 4096 bytes
detected max file descriptor number: 65535
lock engine: pthread robust mutexes
thunder lock: disabled (you can enable it with --thunder-lock)
uwsgi socket 0 bound to TCP address :8077 fd 3
Python version: 2.7.3 (default, Feb 27 2014, 20:09:21)  [GCC 4.6.3]
*** Python threads support is disabled. You can enable it with --enable-threads ***
Python main interpreter initialized at 0x158ce60
your server socket listen backlog is limited to 100 connections
your mercy for graceful operations on workers is 60 seconds
mapped 72760 bytes (71 KB) for 1 cores
*** Operational MODE: single process ***
WSGI app 0 (mountpoint='') ready in 0 seconds on interpreter 0x158ce60 pid: 11435 (default app)
*** uWSGI is running in multiple interpreter mode ***
spawned uWSGI worker 1 (and the only) (pid: 11435, cores: 1)
[pid: 11435|app: 0|req: 1/1] 114.248.167.22 () {38 vars in 760 bytes} [Thu Aug 28 00:18:30 2014] GET /index/submitList/ => generated 116939 bytes in 396 msecs (HTTP/1.1 500) 2 headers in 92 bytes (1 switches on core 0)
[pid: 11435|app: 0|req: 2/2] 114.248.167.22 () {38 vars in 760 bytes} [Thu Aug 28 00:18:55 2014] GET /index/submitList/ => generated 116929 bytes in 143 msecs (HTTP/1.1 500) 2 headers in 92 bytes (1 switches on core 0)
[pid: 11435|app: 0|req: 3/3] 114.248.167.22 () {38 vars in 762 bytes} [Thu Aug 28 00:18:56 2014] GET /index/problemList/ => generated 117173 bytes in 141 msecs (HTTP/1.1 500) 2 headers in 92 bytes (1 switches on core 0)
[pid: 11435|app: 0|req: 4/4] 114.248.167.22 () {38 vars in 750 bytes} [Thu Aug 28 00:18:57 2014] GET /index/login/ => generated 117095 bytes in 150 msecs (HTTP/1.1 500) 2 headers in 92 bytes (1 switches on core 0)
[pid: 11435|app: 0|req: 5/5] 114.248.167.22 () {38 vars in 750 bytes} [Thu Aug 28 00:18:58 2014] GET /index/login/ => generated 116864 bytes in 153 msecs (HTTP/1.1 500) 2 headers in 92 bytes (1 switches on core 0)
*** Starting uWSGI 2.0.3 (64bit) on [Wed Sep  3 07:33:15 2014] ***
compiled with version: 4.6.3 on 12 April 2014 21:45:32
os: Linux-3.2.0-29-generic #46-Ubuntu SMP Fri Jul 27 17:03:23 UTC 2012
nodename: AY14040915414956495eZ
machine: x86_64
clock source: unix
detected number of CPU cores: 1
current working directory: /home/cugbacm/oj/oj/cugbacm/views
detected binary path: /usr/local/bin/uwsgi
!!! no internal routing support, rebuild with pcre support !!!
uWSGI running as root, you can use --uid/--gid/--chroot options
*** WARNING: you are running uWSGI as root !!! (use the --uid flag) *** 
*** WARNING: you are running uWSGI without its master process manager ***
your processes number limit is 7815
your memory page size is 4096 bytes
detected max file descriptor number: 65535
lock engine: pthread robust mutexes
thunder lock: disabled (you can enable it with --thunder-lock)
uwsgi socket 0 bound to TCP address :8077 fd 3
Python version: 2.7.3 (default, Feb 27 2014, 20:09:21)  [GCC 4.6.3]
*** Python threads support is disabled. You can enable it with --enable-threads ***
Python main interpreter initialized at 0x2366e60
your server socket listen backlog is limited to 100 connections
your mercy for graceful operations on workers is 60 seconds
mapped 72760 bytes (71 KB) for 1 cores
*** Operational MODE: single process ***
WSGI app 0 (mountpoint='') ready in 0 seconds on interpreter 0x2366e60 pid: 15141 (default app)
*** uWSGI is running in multiple interpreter mode ***
spawned uWSGI worker 1 (and the only) (pid: 15141, cores: 1)
*** Starting uWSGI 2.0.3 (64bit) on [Wed Sep  3 07:33:16 2014] ***
compiled with version: 4.6.3 on 12 April 2014 21:45:32
os: Linux-3.2.0-29-generic #46-Ubuntu SMP Fri Jul 27 17:03:23 UTC 2012
nodename: AY14040915414956495eZ
machine: x86_64
clock source: unix
detected number of CPU cores: 1
current working directory: /home/cugbacm/oj/oj/cugbacm/views
detected binary path: /usr/local/bin/uwsgi
!!! no internal routing support, rebuild with pcre support !!!
uWSGI running as root, you can use --uid/--gid/--chroot options
*** WARNING: you are running uWSGI as root !!! (use the --uid flag) *** 
*** WARNING: you are running uWSGI without its master process manager ***
your processes number limit is 7815
your memory page size is 4096 bytes
detected max file descriptor number: 65535
lock engine: pthread robust mutexes
thunder lock: disabled (you can enable it with --thunder-lock)
uwsgi socket 0 bound to TCP address :8077 fd 3
Python version: 2.7.3 (default, Feb 27 2014, 20:09:21)  [GCC 4.6.3]
*** Python threads support is disabled. You can enable it with --enable-threads ***
Python main interpreter initialized at 0x18c1e60
your server socket listen backlog is limited to 100 connections
your mercy for graceful operations on workers is 60 seconds
mapped 72760 bytes (71 KB) for 1 cores
*** Operational MODE: single process ***
WSGI app 0 (mountpoint='') ready in 1 seconds on interpreter 0x18c1e60 pid: 15152 (default app)
*** uWSGI is running in multiple interpreter mode ***
spawned uWSGI worker 1 (and the only) (pid: 15152, cores: 1)
[pid: 15152|app: 0|req: 1/1] 123.120.37.70 () {48 vars in 1022 bytes} [Wed Sep  3 07:33:19 2014] POST /index/contest/1/problem/1000 => generated 54190 bytes in 482 msecs (HTTP/1.1 500) 3 headers in 106 bytes (1 switches on core 0)
*** Starting uWSGI 2.0.3 (64bit) on [Wed Sep  3 07:33:52 2014] ***
compiled with version: 4.6.3 on 12 April 2014 21:45:32
os: Linux-3.2.0-29-generic #46-Ubuntu SMP Fri Jul 27 17:03:23 UTC 2012
nodename: AY14040915414956495eZ
machine: x86_64
clock source: unix
detected number of CPU cores: 1
current working directory: /home/cugbacm/oj/oj/cugbacm/views
detected binary path: /usr/local/bin/uwsgi
!!! no internal routing support, rebuild with pcre support !!!
uWSGI running as root, you can use --uid/--gid/--chroot options
*** WARNING: you are running uWSGI as root !!! (use the --uid flag) *** 
*** WARNING: you are running uWSGI without its master process manager ***
your processes number limit is 7815
your memory page size is 4096 bytes
detected max file descriptor number: 65535
lock engine: pthread robust mutexes
thunder lock: disabled (you can enable it with --thunder-lock)
uwsgi socket 0 bound to TCP address :8077 fd 3
Python version: 2.7.3 (default, Feb 27 2014, 20:09:21)  [GCC 4.6.3]
*** Python threads support is disabled. You can enable it with --enable-threads ***
Python main interpreter initialized at 0x1c78e60
your server socket listen backlog is limited to 100 connections
your mercy for graceful operations on workers is 60 seconds
mapped 72760 bytes (71 KB) for 1 cores
*** Operational MODE: single process ***
WSGI app 0 (mountpoint='') ready in 0 seconds on interpreter 0x1c78e60 pid: 15205 (default app)
*** uWSGI is running in multiple interpreter mode ***
spawned uWSGI worker 1 (and the only) (pid: 15205, cores: 1)
[pid: 15205|app: 0|req: 1/1] 123.120.37.70 () {48 vars in 1022 bytes} [Wed Sep  3 07:33:55 2014] POST /index/contest/1/problem/1000 => generated 54042 bytes in 486 msecs (HTTP/1.1 500) 3 headers in 106 bytes (1 switches on core 0)
*** Starting uWSGI 2.0.3 (64bit) on [Wed Sep  3 07:35:59 2014] ***
compiled with version: 4.6.3 on 12 April 2014 21:45:32
os: Linux-3.2.0-29-generic #46-Ubuntu SMP Fri Jul 27 17:03:23 UTC 2012
nodename: AY14040915414956495eZ
machine: x86_64
clock source: unix
detected number of CPU cores: 1
current working directory: /home/cugbacm/oj/oj/cugbacm/views
detected binary path: /usr/local/bin/uwsgi
!!! no internal routing support, rebuild with pcre support !!!
uWSGI running as root, you can use --uid/--gid/--chroot options
*** WARNING: you are running uWSGI as root !!! (use the --uid flag) *** 
*** WARNING: you are running uWSGI without its master process manager ***
your processes number limit is 7815
your memory page size is 4096 bytes
detected max file descriptor number: 65535
lock engine: pthread robust mutexes
thunder lock: disabled (you can enable it with --thunder-lock)
uwsgi socket 0 bound to TCP address :8077 fd 3
Python version: 2.7.3 (default, Feb 27 2014, 20:09:21)  [GCC 4.6.3]
*** Python threads support is disabled. You can enable it with --enable-threads ***
Python main interpreter initialized at 0x934e60
your server socket listen backlog is limited to 100 connections
your mercy for graceful operations on workers is 60 seconds
mapped 72760 bytes (71 KB) for 1 cores
*** Operational MODE: single process ***
WSGI app 0 (mountpoint='') ready in 0 seconds on interpreter 0x934e60 pid: 15382 (default app)
*** uWSGI is running in multiple interpreter mode ***
spawned uWSGI worker 1 (and the only) (pid: 15382, cores: 1)
*** Starting uWSGI 2.0.3 (64bit) on [Wed Sep  3 07:36:00 2014] ***
compiled with version: 4.6.3 on 12 April 2014 21:45:32
os: Linux-3.2.0-29-generic #46-Ubuntu SMP Fri Jul 27 17:03:23 UTC 2012
nodename: AY14040915414956495eZ
machine: x86_64
clock source: unix
detected number of CPU cores: 1
current working directory: /home/cugbacm/oj/oj/cugbacm/views
detected binary path: /usr/local/bin/uwsgi
!!! no internal routing support, rebuild with pcre support !!!
uWSGI running as root, you can use --uid/--gid/--chroot options
*** WARNING: you are running uWSGI as root !!! (use the --uid flag) *** 
*** WARNING: you are running uWSGI without its master process manager ***
your processes number limit is 7815
your memory page size is 4096 bytes
detected max file descriptor number: 65535
lock engine: pthread robust mutexes
thunder lock: disabled (you can enable it with --thunder-lock)
uwsgi socket 0 bound to TCP address :8077 fd 3
Python version: 2.7.3 (default, Feb 27 2014, 20:09:21)  [GCC 4.6.3]
*** Python threads support is disabled. You can enable it with --enable-threads ***
Python main interpreter initialized at 0x244de60
your server socket listen backlog is limited to 100 connections
your mercy for graceful operations on workers is 60 seconds
mapped 72760 bytes (71 KB) for 1 cores
*** Operational MODE: single process ***
WSGI app 0 (mountpoint='') ready in 0 seconds on interpreter 0x244de60 pid: 15395 (default app)
*** uWSGI is running in multiple interpreter mode ***
spawned uWSGI worker 1 (and the only) (pid: 15395, cores: 1)
[pid: 15395|app: 0|req: 1/1] 123.120.37.70 () {48 vars in 1022 bytes} [Wed Sep  3 07:36:02 2014] POST /index/contest/1/problem/1000 => generated 57183 bytes in 480 msecs (HTTP/1.1 500) 3 headers in 106 bytes (1 switches on core 0)
[pid: 15395|app: 0|req: 2/2] 176.117.40.253 () {38 vars in 634 bytes} [Wed Sep  3 07:37:01 2014] GET /manager/html => generated 2164 bytes in 5 msecs (HTTP/1.1 404) 2 headers in 80 bytes (1 switches on core 0)
*** Starting uWSGI 2.0.3 (64bit) on [Wed Sep  3 07:37:41 2014] ***
compiled with version: 4.6.3 on 12 April 2014 21:45:32
os: Linux-3.2.0-29-generic #46-Ubuntu SMP Fri Jul 27 17:03:23 UTC 2012
nodename: AY14040915414956495eZ
machine: x86_64
clock source: unix
detected number of CPU cores: 1
current working directory: /home/cugbacm/oj/oj/cugbacm/views
detected binary path: /usr/local/bin/uwsgi
!!! no internal routing support, rebuild with pcre support !!!
uWSGI running as root, you can use --uid/--gid/--chroot options
*** WARNING: you are running uWSGI as root !!! (use the --uid flag) *** 
*** WARNING: you are running uWSGI without its master process manager ***
your processes number limit is 7815
your memory page size is 4096 bytes
detected max file descriptor number: 65535
lock engine: pthread robust mutexes
thunder lock: disabled (you can enable it with --thunder-lock)
uwsgi socket 0 bound to TCP address :8077 fd 3
Python version: 2.7.3 (default, Feb 27 2014, 20:09:21)  [GCC 4.6.3]
*** Python threads support is disabled. You can enable it with --enable-threads ***
Python main interpreter initialized at 0x1e44e60
your server socket listen backlog is limited to 100 connections
your mercy for graceful operations on workers is 60 seconds
mapped 72760 bytes (71 KB) for 1 cores
*** Operational MODE: single process ***
WSGI app 0 (mountpoint='') ready in 0 seconds on interpreter 0x1e44e60 pid: 15529 (default app)
*** uWSGI is running in multiple interpreter mode ***
spawned uWSGI worker 1 (and the only) (pid: 15529, cores: 1)
[pid: 15529|app: 0|req: 1/1] 123.120.37.70 () {48 vars in 1022 bytes} [Wed Sep  3 07:37:44 2014] POST /index/contest/1/problem/1000 => generated 116669 bytes in 426 msecs (HTTP/1.1 500) 2 headers in 92 bytes (1 switches on core 0)
[pid: 15529|app: 0|req: 2/2] 61.135.207.195 () {38 vars in 720 bytes} [Wed Sep  3 09:26:13 2014] GET /index/problemList/ => generated 102048 bytes in 126 msecs (HTTP/1.1 500) 2 headers in 92 bytes (1 switches on core 0)
[pid: 15529|app: 0|req: 3/3] 61.135.207.195 () {38 vars in 635 bytes} [Wed Sep  3 09:26:14 2014] GET /favicon.ico => generated 113317 bytes in 139 msecs (HTTP/1.1 500) 2 headers in 92 bytes (1 switches on core 0)
[pid: 15529|app: 0|req: 4/4] 61.135.207.195 () {38 vars in 706 bytes} [Wed Sep  3 09:26:22 2014] GET /index/login => generated 113530 bytes in 139 msecs (HTTP/1.1 500) 2 headers in 92 bytes (1 switches on core 0)
[pid: 15529|app: 0|req: 5/5] 61.135.207.195 () {38 vars in 635 bytes} [Wed Sep  3 09:26:23 2014] GET /favicon.ico => generated 113317 bytes in 137 msecs (HTTP/1.1 500) 2 headers in 92 bytes (1 switches on core 0)
[pid: 15529|app: 0|req: 6/6] 66.249.84.96 () {34 vars in 555 bytes} [Wed Sep  3 09:29:09 2014] GET /index/login/ => generated 101022 bytes in 122 msecs (HTTP/1.1 500) 2 headers in 92 bytes (1 switches on core 0)
[pid: 15529|app: 0|req: 7/7] 74.63.199.120 () {26 vars in 342 bytes} [Wed Sep  3 09:29:21 2014] GET /invoker/EJBInvokerServlet => generated 111303 bytes in 148 msecs (HTTP/1.1 500) 2 headers in 92 bytes (1 switches on core 0)
[pid: 15529|app: 0|req: 8/8] 175.189.18.66 () {38 vars in 861 bytes} [Wed Sep  3 09:57:59 2014] GET /TaskController/ => generated 101985 bytes in 118 msecs (HTTP/1.1 500) 2 headers in 92 bytes (1 switches on core 0)
[pid: 15529|app: 0|req: 9/9] 175.189.18.66 () {36 vars in 609 bytes} [Wed Sep  3 09:58:41 2014] GET /TaskController/ => generated 101283 bytes in 120 msecs (HTTP/1.1 500) 2 headers in 92 bytes (1 switches on core 0)
[pid: 15529|app: 0|req: 10/10] 175.189.18.66 () {38 vars in 662 bytes} [Wed Sep  3 09:59:19 2014] GET /TaskController/ => generated 101515 bytes in 120 msecs (HTTP/1.1 500) 2 headers in 92 bytes (1 switches on core 0)
[pid: 15529|app: 0|req: 11/11] 36.248.240.119 () {36 vars in 537 bytes} [Wed Sep  3 09:59:43 2014] GET /usr/ => generated 101050 bytes in 120 msecs (HTTP/1.1 500) 2 headers in 92 bytes (1 switches on core 0)
[pid: 15529|app: 0|req: 12/12] 36.248.240.119 () {34 vars in 488 bytes} [Wed Sep  3 09:59:46 2014] GET /favicon.ico => generated 112529 bytes in 133 msecs (HTTP/1.1 500) 2 headers in 92 bytes (1 switches on core 0)
[pid: 15529|app: 0|req: 13/13] 175.189.18.66 () {38 vars in 662 bytes} [Wed Sep  3 10:00:03 2014] GET /TaskController/ => generated 101977 bytes in 121 msecs (HTTP/1.1 500) 2 headers in 92 bytes (1 switches on core 0)
[pid: 15529|app: 0|req: 14/14] 175.189.18.66 () {38 vars in 662 bytes} [Wed Sep  3 10:00:44 2014] GET /TaskController/ => generated 101746 bytes in 116 msecs (HTTP/1.1 500) 2 headers in 92 bytes (1 switches on core 0)
[pid: 15529|app: 0|req: 15/15] 58.221.60.7 () {32 vars in 497 bytes} [Wed Sep  3 10:20:11 2014] GET /index/login => generated 112016 bytes in 139 msecs (HTTP/1.1 500) 2 headers in 92 bytes (1 switches on core 0)
[pid: 15529|app: 0|req: 16/16] 218.77.79.48 () {34 vars in 533 bytes} [Wed Sep  3 10:28:50 2014] GET /index/login => generated 112272 bytes in 130 msecs (HTTP/1.1 500) 2 headers in 92 bytes (1 switches on core 0)
[pid: 15529|app: 0|req: 17/17] 106.37.179.179 () {38 vars in 762 bytes} [Wed Sep  3 11:01:42 2014] GET /index/login/ => generated 102294 bytes in 119 msecs (HTTP/1.1 500) 2 headers in 92 bytes (1 switches on core 0)
[pid: 15529|app: 0|req: 18/18] 61.135.207.195 () {38 vars in 706 bytes} [Wed Sep  3 11:01:56 2014] GET /index/login => generated 113530 bytes in 139 msecs (HTTP/1.1 500) 2 headers in 92 bytes (1 switches on core 0)
[pid: 15529|app: 0|req: 19/19] 61.135.207.195 () {38 vars in 635 bytes} [Wed Sep  3 11:01:57 2014] GET /favicon.ico => generated 113317 bytes in 134 msecs (HTTP/1.1 500) 2 headers in 92 bytes (1 switches on core 0)
[pid: 15529|app: 0|req: 20/20] 124.132.52.73 () {30 vars in 456 bytes} [Wed Sep  3 13:01:37 2014] GET /favicon.ico => generated 111745 bytes in 140 msecs (HTTP/1.1 500) 2 headers in 92 bytes (1 switches on core 0)
[pid: 15529|app: 0|req: 21/21] 157.55.39.64 () {40 vars in 562 bytes} [Wed Sep  3 14:54:19 2014] GET /robots.txt => generated 112789 bytes in 140 msecs (HTTP/1.1 500) 2 headers in 92 bytes (1 switches on core 0)
[pid: 15529|app: 0|req: 22/22] 110.75.186.210 () {36 vars in 628 bytes} [Wed Sep  3 15:34:09 2014] GET /manager/html => generated 112719 bytes in 138 msecs (HTTP/1.1 500) 2 headers in 92 bytes (1 switches on core 0)
[pid: 15529|app: 0|req: 23/23] 192.99.166.102 () {30 vars in 428 bytes} [Wed Sep  3 15:36:55 2014] GET /Panel/bins.php => generated 111703 bytes in 132 msecs (HTTP/1.1 500) 2 headers in 92 bytes (1 switches on core 0)
[pid: 15529|app: 0|req: 24/24] 58.221.60.7 () {32 vars in 497 bytes} [Wed Sep  3 16:00:36 2014] GET /index/login => generated 112016 bytes in 144 msecs (HTTP/1.1 500) 2 headers in 92 bytes (1 switches on core 0)
[pid: 15529|app: 0|req: 25/25] 42.120.145.13 () {36 vars in 628 bytes} [Wed Sep  3 16:44:55 2014] GET /manager/html => generated 112719 bytes in 134 msecs (HTTP/1.1 500) 2 headers in 92 bytes (1 switches on core 0)
[pid: 15529|app: 0|req: 26/26] 42.120.145.13 () {36 vars in 688 bytes} [Wed Sep  3 16:44:56 2014] PUT /webscan38502863.txt => generated 112997 bytes in 133 msecs (HTTP/1.1 500) 2 headers in 92 bytes (1 switches on core 0)
[pid: 15529|app: 0|req: 27/27] 42.120.145.13 () {34 vars in 613 bytes} [Wed Sep  3 16:44:57 2014] GET /webscan38502863.txt => generated 112624 bytes in 137 msecs (HTTP/1.1 500) 2 headers in 92 bytes (1 switches on core 0)
[pid: 15529|app: 0|req: 28/28] 42.120.145.13 () {34 vars in 609 bytes} [Wed Sep  3 16:44:58 2014] GET /scripts/setup.php => generated 112584 bytes in 135 msecs (HTTP/1.1 500) 2 headers in 92 bytes (1 switches on core 0)
[pid: 15529|app: 0|req: 29/29] 42.120.145.13 () {36 vars in 642 bytes} [Wed Sep  3 16:45:00 2014] GET //pma/scripts/setup.php => generated 112887 bytes in 133 msecs (HTTP/1.1 500) 2 headers in 92 bytes (1 switches on core 0)
[pid: 15529|app: 0|req: 30/30] 42.120.145.13 () {36 vars in 656 bytes} [Wed Sep  3 16:45:02 2014] GET //phpMyAdmin/scripts/setup.php => generated 113027 bytes in 141 msecs (HTTP/1.1 500) 2 headers in 92 bytes (1 switches on core 0)
[pid: 15529|app: 0|req: 31/31] 62.210.167.201 () {30 vars in 436 bytes} [Wed Sep  3 19:10:02 2014] GET /mad/inc/config.php => generated 111783 bytes in 133 msecs (HTTP/1.1 500) 2 headers in 92 bytes (1 switches on core 0)
[pid: 15529|app: 0|req: 32/32] 62.210.167.201 () {30 vars in 428 bytes} [Wed Sep  3 19:10:04 2014] GET /inc/config.php => generated 112165 bytes in 140 msecs (HTTP/1.1 500) 2 headers in 92 bytes (1 switches on core 0)
[pid: 15529|app: 0|req: 33/33] 110.75.186.225 () {38 vars in 740 bytes} [Wed Sep  3 19:14:00 2014] PUT /webscan38502863.txt => generated 113532 bytes in 142 msecs (HTTP/1.1 500) 2 headers in 92 bytes (1 switches on core 0)
[pid: 15529|app: 0|req: 34/34] 58.213.251.17 () {36 vars in 690 bytes} [Wed Sep  3 19:26:44 2014] GET /render/hoteldiv.jsp?&__jscallback=XQScript_4 => generated 113488 bytes in 133 msecs (HTTP/1.1 500) 2 headers in 92 bytes (1 switches on core 0)
[pid: 15529|app: 0|req: 35/35] 110.75.186.225 () {36 vars in 723 bytes} [Wed Sep  3 20:02:47 2014] GET /js/$%7B@print%28md5%28this_is_a_test_string%29%29%7D => generated 113754 bytes in 137 msecs (HTTP/1.1 500) 2 headers in 92 bytes (1 switches on core 0)
[pid: 15529|app: 0|req: 36/36] 123.120.37.70 () {38 vars in 761 bytes} [Wed Sep  3 21:03:21 2014] GET /index/login/ => generated 102523 bytes in 122 msecs (HTTP/1.1 500) 2 headers in 92 bytes (1 switches on core 0)
[pid: 15529|app: 0|req: 37/37] 123.120.37.70 () {38 vars in 761 bytes} [Wed Sep  3 21:03:21 2014] GET /index/login/ => generated 102684 bytes in 120 msecs (HTTP/1.1 500) 2 headers in 92 bytes (1 switches on core 0)
[pid: 15529|app: 0|req: 38/38] 123.120.37.70 () {38 vars in 761 bytes} [Wed Sep  3 21:14:06 2014] GET /index/login/ => generated 102684 bytes in 123 msecs (HTTP/1.1 500) 2 headers in 92 bytes (1 switches on core 0)
[pid: 15529|app: 0|req: 39/39] 123.120.37.70 () {38 vars in 761 bytes} [Wed Sep  3 21:14:07 2014] GET /index/login/ => generated 102754 bytes in 117 msecs (HTTP/1.1 500) 2 headers in 92 bytes (1 switches on core 0)
*** Starting uWSGI 2.0.3 (64bit) on [Wed Sep  3 22:50:08 2014] ***
compiled with version: 4.6.3 on 12 April 2014 21:45:32
os: Linux-3.2.0-29-generic #46-Ubuntu SMP Fri Jul 27 17:03:23 UTC 2012
nodename: AY14040915414956495eZ
machine: x86_64
clock source: unix
detected number of CPU cores: 1
current working directory: /home/cugbacm/oj/oj/cugbacm/views
detected binary path: /usr/local/bin/uwsgi
!!! no internal routing support, rebuild with pcre support !!!
uWSGI running as root, you can use --uid/--gid/--chroot options
*** WARNING: you are running uWSGI as root !!! (use the --uid flag) *** 
*** WARNING: you are running uWSGI without its master process manager ***
your processes number limit is 7815
your memory page size is 4096 bytes
detected max file descriptor number: 65535
lock engine: pthread robust mutexes
thunder lock: disabled (you can enable it with --thunder-lock)
uwsgi socket 0 bound to TCP address :8077 fd 3
Python version: 2.7.3 (default, Feb 27 2014, 20:09:21)  [GCC 4.6.3]
*** Python threads support is disabled. You can enable it with --enable-threads ***
Python main interpreter initialized at 0x1503e50
your server socket listen backlog is limited to 100 connections
your mercy for graceful operations on workers is 60 seconds
mapped 72760 bytes (71 KB) for 1 cores
*** Operational MODE: single process ***
WSGI app 0 (mountpoint='') ready in 0 seconds on interpreter 0x1503e50 pid: 24570 (default app)
*** uWSGI is running in multiple interpreter mode ***
spawned uWSGI worker 1 (and the only) (pid: 24570, cores: 1)
[pid: 24570|app: 0|req: 1/1] 124.193.176.203 () {38 vars in 692 bytes} [Wed Sep  3 22:50:12 2014] GET /index/login => generated 113660 bytes in 420 msecs (HTTP/1.1 500) 2 headers in 92 bytes (1 switches on core 0)
*** Starting uWSGI 2.0.3 (64bit) on [Wed Sep  3 22:50:33 2014] ***
compiled with version: 4.6.3 on 12 April 2014 21:45:32
os: Linux-3.2.0-29-generic #46-Ubuntu SMP Fri Jul 27 17:03:23 UTC 2012
nodename: AY14040915414956495eZ
machine: x86_64
clock source: unix
detected number of CPU cores: 1
current working directory: /home/cugbacm/oj/oj/cugbacm/views
detected binary path: /usr/local/bin/uwsgi
!!! no internal routing support, rebuild with pcre support !!!
uWSGI running as root, you can use --uid/--gid/--chroot options
*** WARNING: you are running uWSGI as root !!! (use the --uid flag) *** 
*** WARNING: you are running uWSGI without its master process manager ***
your processes number limit is 7815
your memory page size is 4096 bytes
detected max file descriptor number: 65535
lock engine: pthread robust mutexes
thunder lock: disabled (you can enable it with --thunder-lock)
uwsgi socket 0 bound to TCP address :8077 fd 3
Python version: 2.7.3 (default, Feb 27 2014, 20:09:21)  [GCC 4.6.3]
*** Python threads support is disabled. You can enable it with --enable-threads ***
Python main interpreter initialized at 0x119ce50
your server socket listen backlog is limited to 100 connections
your mercy for graceful operations on workers is 60 seconds
mapped 72760 bytes (71 KB) for 1 cores
*** Operational MODE: single process ***
WSGI app 0 (mountpoint='') ready in 0 seconds on interpreter 0x119ce50 pid: 24608 (default app)
*** uWSGI is running in multiple interpreter mode ***
spawned uWSGI worker 1 (and the only) (pid: 24608, cores: 1)
[pid: 24608|app: 0|req: 1/1] 124.193.176.203 () {38 vars in 692 bytes} [Wed Sep  3 22:50:37 2014] GET /index/login => generated 128231 bytes in 445 msecs (HTTP/1.1 500) 2 headers in 92 bytes (1 switches on core 0)
*** Starting uWSGI 2.0.3 (64bit) on [Wed Sep  3 22:51:27 2014] ***
compiled with version: 4.6.3 on 12 April 2014 21:45:32
os: Linux-3.2.0-29-generic #46-Ubuntu SMP Fri Jul 27 17:03:23 UTC 2012
nodename: AY14040915414956495eZ
machine: x86_64
clock source: unix
detected number of CPU cores: 1
current working directory: /home/cugbacm/oj/oj/cugbacm/views
detected binary path: /usr/local/bin/uwsgi
!!! no internal routing support, rebuild with pcre support !!!
uWSGI running as root, you can use --uid/--gid/--chroot options
*** WARNING: you are running uWSGI as root !!! (use the --uid flag) *** 
*** WARNING: you are running uWSGI without its master process manager ***
your processes number limit is 7815
your memory page size is 4096 bytes
detected max file descriptor number: 65535
lock engine: pthread robust mutexes
thunder lock: disabled (you can enable it with --thunder-lock)
uwsgi socket 0 bound to TCP address :8077 fd 3
Python version: 2.7.3 (default, Feb 27 2014, 20:09:21)  [GCC 4.6.3]
*** Python threads support is disabled. You can enable it with --enable-threads ***
Python main interpreter initialized at 0x16a9e50
your server socket listen backlog is limited to 100 connections
your mercy for graceful operations on workers is 60 seconds
mapped 72760 bytes (71 KB) for 1 cores
*** Operational MODE: single process ***
WSGI app 0 (mountpoint='') ready in 1 seconds on interpreter 0x16a9e50 pid: 24760 (default app)
*** uWSGI is running in multiple interpreter mode ***
spawned uWSGI worker 1 (and the only) (pid: 24760, cores: 1)
[pid: 24760|app: 0|req: 1/1] 124.193.176.203 () {38 vars in 692 bytes} [Wed Sep  3 22:51:30 2014] GET /index/login => generated 128231 bytes in 449 msecs (HTTP/1.1 500) 2 headers in 92 bytes (1 switches on core 0)
[pid: 24760|app: 0|req: 2/2] 124.193.176.203 () {38 vars in 692 bytes} [Wed Sep  3 22:51:35 2014] GET /index/login => generated 128231 bytes in 151 msecs (HTTP/1.1 500) 2 headers in 92 bytes (1 switches on core 0)
[pid: 24760|app: 0|req: 3/3] 115.238.253.190 () {30 vars in 542 bytes} [Thu Sep  4 00:00:46 2014] GET /manager/html => generated 126452 bytes in 144 msecs (HTTP/1.1 500) 2 headers in 92 bytes (1 switches on core 0)
[pid: 24760|app: 0|req: 4/4] 115.238.253.190 () {30 vars in 542 bytes} [Thu Sep  4 00:00:54 2014] GET /manager/html => generated 126452 bytes in 142 msecs (HTTP/1.1 500) 2 headers in 92 bytes (1 switches on core 0)
[pid: 24760|app: 0|req: 5/5] 157.55.39.64 () {40 vars in 561 bytes} [Thu Sep  4 02:49:46 2014] GET /robots.txt => generated 127241 bytes in 144 msecs (HTTP/1.1 500) 2 headers in 92 bytes (1 switches on core 0)
[pid: 24760|app: 0|req: 6/6] 123.120.37.70 () {38 vars in 759 bytes} [Thu Sep  4 07:40:40 2014] GET /index/login => generated 128437 bytes in 156 msecs (HTTP/1.1 500) 2 headers in 92 bytes (1 switches on core 0)
[pid: 24760|app: 0|req: 7/7] 123.120.37.70 () {38 vars in 688 bytes} [Thu Sep  4 07:40:41 2014] GET /favicon.ico => generated 128224 bytes in 162 msecs (HTTP/1.1 500) 2 headers in 92 bytes (1 switches on core 0)
[pid: 24760|app: 0|req: 8/8] 66.249.84.96 () {34 vars in 555 bytes} [Thu Sep  4 08:56:16 2014] GET /index/login/ => generated 115467 bytes in 125 msecs (HTTP/1.1 500) 2 headers in 92 bytes (1 switches on core 0)
[pid: 24760|app: 0|req: 9/9] 218.59.238.93 () {34 vars in 476 bytes} [Thu Sep  4 12:19:26 2014] GET /azenv2.php => generated 126582 bytes in 149 msecs (HTTP/1.0 500) 2 headers in 92 bytes (1 switches on core 0)
[pid: 24760|app: 0|req: 10/10] 218.59.238.93 () {34 vars in 460 bytes} [Thu Sep  4 12:19:59 2014] GET /az.php => generated 126438 bytes in 145 msecs (HTTP/1.0 500) 2 headers in 92 bytes (1 switches on core 0)
[pid: 24760|app: 0|req: 11/11] 218.59.238.93 () {34 vars in 461 bytes} [Thu Sep  4 12:21:20 2014] GET /azz.php => generated 126450 bytes in 150 msecs (HTTP/1.0 500) 2 headers in 92 bytes (1 switches on core 0)
[pid: 24760|app: 0|req: 12/12] 124.193.176.202 () {38 vars in 697 bytes} [Thu Sep  4 13:04:35 2014] GET /index/login/ => generated 116378 bytes in 135 msecs (HTTP/1.1 500) 2 headers in 92 bytes (1 switches on core 0)
[pid: 24760|app: 0|req: 13/13] 101.226.66.192 () {36 vars in 469 bytes} [Thu Sep  4 13:30:56 2014] GET /index/login => generated 126668 bytes in 144 msecs (HTTP/1.1 500) 2 headers in 92 bytes (1 switches on core 0)
[pid: 24760|app: 0|req: 14/14] 106.37.179.179 () {38 vars in 750 bytes} [Thu Sep  4 13:45:49 2014] GET /index/login/ => generated 116889 bytes in 130 msecs (HTTP/1.1 500) 2 headers in 92 bytes (1 switches on core 0)
[pid: 24760|app: 0|req: 15/15] 106.37.179.179 () {40 vars in 738 bytes} [Thu Sep  4 13:45:49 2014] GET /favicon.ico => generated 128737 bytes in 144 msecs (HTTP/1.1 500) 2 headers in 92 bytes (1 switches on core 0)
[pid: 24760|app: 0|req: 16/16] 106.37.179.179 () {38 vars in 750 bytes} [Thu Sep  4 13:45:57 2014] GET /index/login/ => generated 116889 bytes in 148 msecs (HTTP/1.1 500) 2 headers in 92 bytes (1 switches on core 0)
[pid: 24760|app: 0|req: 17/17] 124.193.176.202 () {38 vars in 697 bytes} [Thu Sep  4 14:22:24 2014] GET /index/login/ => generated 116378 bytes in 139 msecs (HTTP/1.1 500) 2 headers in 92 bytes (1 switches on core 0)
[pid: 24760|app: 0|req: 18/18] 124.193.176.202 () {38 vars in 697 bytes} [Thu Sep  4 14:43:41 2014] GET /index/login/ => generated 116378 bytes in 132 msecs (HTTP/1.1 500) 2 headers in 92 bytes (1 switches on core 0)
[pid: 24760|app: 0|req: 19/19] 124.193.176.202 () {38 vars in 697 bytes} [Thu Sep  4 15:11:27 2014] GET /index/login/ => generated 116378 bytes in 133 msecs (HTTP/1.1 500) 2 headers in 92 bytes (1 switches on core 0)
[pid: 24760|app: 0|req: 20/20] 124.193.176.202 () {38 vars in 697 bytes} [Thu Sep  4 15:39:26 2014] GET /index/login/ => generated 116378 bytes in 130 msecs (HTTP/1.1 500) 2 headers in 92 bytes (1 switches on core 0)
[pid: 24760|app: 0|req: 21/21] 42.120.145.47 () {38 vars in 717 bytes} [Thu Sep  4 16:34:43 2014] PUT /webscan38502863.txt => generated 127667 bytes in 143 msecs (HTTP/1.1 500) 2 headers in 92 bytes (1 switches on core 0)
[pid: 24760|app: 0|req: 22/22] 42.120.145.47 () {34 vars in 599 bytes} [Thu Sep  4 16:34:45 2014] GET /manager/html => generated 126919 bytes in 146 msecs (HTTP/1.1 500) 2 headers in 92 bytes (1 switches on core 0)
[pid: 24760|app: 0|req: 23/23] 42.120.145.47 () {34 vars in 613 bytes} [Thu Sep  4 16:34:46 2014] GET /webscan38502863.txt => generated 127059 bytes in 153 msecs (HTTP/1.1 500) 2 headers in 92 bytes (1 switches on core 0)
[pid: 24760|app: 0|req: 24/24] 42.120.145.47 () {34 vars in 609 bytes} [Thu Sep  4 16:34:46 2014] GET /scripts/setup.php => generated 127019 bytes in 156 msecs (HTTP/1.1 500) 2 headers in 92 bytes (1 switches on core 0)
[pid: 24760|app: 0|req: 25/25] 42.120.145.47 () {36 vars in 642 bytes} [Thu Sep  4 16:34:49 2014] GET //pma/scripts/setup.php => generated 127322 bytes in 149 msecs (HTTP/1.1 500) 2 headers in 92 bytes (1 switches on core 0)
[pid: 24760|app: 0|req: 26/26] 42.120.145.47 () {36 vars in 656 bytes} [Thu Sep  4 16:34:50 2014] GET //phpMyAdmin/scripts/setup.php => generated 127462 bytes in 146 msecs (HTTP/1.1 500) 2 headers in 92 bytes (1 switches on core 0)
[pid: 24760|app: 0|req: 27/27] 101.226.167.223 () {38 vars in 607 bytes} [Thu Sep  4 18:33:02 2014] GET /index/login => generated 127230 bytes in 142 msecs (HTTP/1.1 500) 2 headers in 92 bytes (1 switches on core 0)
[pid: 24760|app: 0|req: 28/28] 74.63.199.120 () {26 vars in 350 bytes} [Thu Sep  4 19:42:53 2014] GET /CFIDE/administrator/enter.cfm => generated 125823 bytes in 141 msecs (HTTP/1.1 500) 2 headers in 92 bytes (1 switches on core 0)
[pid: 24760|app: 0|req: 29/29] 157.55.39.151 () {40 vars in 564 bytes} [Thu Sep  4 20:39:48 2014] GET /usr/ => generated 115786 bytes in 130 msecs (HTTP/1.1 500) 2 headers in 92 bytes (1 switches on core 0)
[pid: 24760|app: 0|req: 30/30] 124.193.176.203 () {38 vars in 648 bytes} [Thu Sep  4 20:40:09 2014] GET /index/login => generated 127348 bytes in 149 msecs (HTTP/1.1 500) 2 headers in 92 bytes (1 switches on core 0)
[pid: 24760|app: 0|req: 31/31] 124.193.176.203 () {34 vars in 557 bytes} [Thu Sep  4 20:40:11 2014] GET /favicon.ico => generated 126784 bytes in 146 msecs (HTTP/1.1 500) 2 headers in 92 bytes (1 switches on core 0)
*** Starting uWSGI 2.0.3 (64bit) on [Tue Sep  9 20:48:35 2014] ***
compiled with version: 4.6.3 on 12 April 2014 21:45:32
os: Linux-3.2.0-29-generic #46-Ubuntu SMP Fri Jul 27 17:03:23 UTC 2012
nodename: AY14040915414956495eZ
machine: x86_64
clock source: unix
detected number of CPU cores: 1
current working directory: /home/cugbacm/oj/oj/cugbacm/views
detected binary path: /usr/local/bin/uwsgi
!!! no internal routing support, rebuild with pcre support !!!
uWSGI running as root, you can use --uid/--gid/--chroot options
*** WARNING: you are running uWSGI as root !!! (use the --uid flag) *** 
*** WARNING: you are running uWSGI without its master process manager ***
your processes number limit is 7815
your memory page size is 4096 bytes
detected max file descriptor number: 65535
lock engine: pthread robust mutexes
thunder lock: disabled (you can enable it with --thunder-lock)
uwsgi socket 0 bound to TCP address :8077 fd 3
Python version: 2.7.3 (default, Feb 27 2014, 20:09:21)  [GCC 4.6.3]
*** Python threads support is disabled. You can enable it with --enable-threads ***
Python main interpreter initialized at 0x245be60
your server socket listen backlog is limited to 100 connections
your mercy for graceful operations on workers is 60 seconds
mapped 72760 bytes (71 KB) for 1 cores
*** Operational MODE: single process ***
WSGI app 0 (mountpoint='') ready in 0 seconds on interpreter 0x245be60 pid: 29783 (default app)
*** uWSGI is running in multiple interpreter mode ***
spawned uWSGI worker 1 (and the only) (pid: 29783, cores: 1)
[pid: 29783|app: 0|req: 1/1] 124.193.176.203 () {38 vars in 728 bytes} [Tue Sep  9 20:48:36 2014] GET /index/problem/1000?submit=7577 => generated 98642 bytes in 420 msecs (HTTP/1.1 500) 2 headers in 92 bytes (1 switches on core 0)
*** Starting uWSGI 2.0.3 (64bit) on [Tue Sep  9 20:48:49 2014] ***
compiled with version: 4.6.3 on 12 April 2014 21:45:32
os: Linux-3.2.0-29-generic #46-Ubuntu SMP Fri Jul 27 17:03:23 UTC 2012
nodename: AY14040915414956495eZ
machine: x86_64
clock source: unix
detected number of CPU cores: 1
current working directory: /home/cugbacm/oj/oj/cugbacm/views
detected binary path: /usr/local/bin/uwsgi
!!! no internal routing support, rebuild with pcre support !!!
uWSGI running as root, you can use --uid/--gid/--chroot options
*** WARNING: you are running uWSGI as root !!! (use the --uid flag) *** 
*** WARNING: you are running uWSGI without its master process manager ***
your processes number limit is 7815
your memory page size is 4096 bytes
detected max file descriptor number: 65535
lock engine: pthread robust mutexes
thunder lock: disabled (you can enable it with --thunder-lock)
uwsgi socket 0 bound to TCP address :8077 fd 3
Python version: 2.7.3 (default, Feb 27 2014, 20:09:21)  [GCC 4.6.3]
*** Python threads support is disabled. You can enable it with --enable-threads ***
Python main interpreter initialized at 0x202ce60
your server socket listen backlog is limited to 100 connections
your mercy for graceful operations on workers is 60 seconds
mapped 72760 bytes (71 KB) for 1 cores
*** Operational MODE: single process ***
WSGI app 0 (mountpoint='') ready in 1 seconds on interpreter 0x202ce60 pid: 29844 (default app)
*** uWSGI is running in multiple interpreter mode ***
spawned uWSGI worker 1 (and the only) (pid: 29844, cores: 1)
[pid: 29844|app: 0|req: 1/1] 124.193.176.203 () {38 vars in 728 bytes} [Tue Sep  9 20:48:52 2014] GET /index/problem/1000?submit=7577 => generated 98679 bytes in 410 msecs (HTTP/1.1 500) 2 headers in 92 bytes (1 switches on core 0)
*** Starting uWSGI 2.0.3 (64bit) on [Tue Sep  9 20:51:38 2014] ***
compiled with version: 4.6.3 on 12 April 2014 21:45:32
os: Linux-3.2.0-29-generic #46-Ubuntu SMP Fri Jul 27 17:03:23 UTC 2012
nodename: AY14040915414956495eZ
machine: x86_64
clock source: unix
detected number of CPU cores: 1
current working directory: /home/cugbacm/oj/oj/cugbacm/views
detected binary path: /usr/local/bin/uwsgi
!!! no internal routing support, rebuild with pcre support !!!
uWSGI running as root, you can use --uid/--gid/--chroot options
*** WARNING: you are running uWSGI as root !!! (use the --uid flag) *** 
*** WARNING: you are running uWSGI without its master process manager ***
your processes number limit is 7815
your memory page size is 4096 bytes
detected max file descriptor number: 65535
lock engine: pthread robust mutexes
thunder lock: disabled (you can enable it with --thunder-lock)
uwsgi socket 0 bound to TCP address :8077 fd 3
Python version: 2.7.3 (default, Feb 27 2014, 20:09:21)  [GCC 4.6.3]
*** Python threads support is disabled. You can enable it with --enable-threads ***
Python main interpreter initialized at 0x119ee60
your server socket listen backlog is limited to 100 connections
your mercy for graceful operations on workers is 60 seconds
mapped 72760 bytes (71 KB) for 1 cores
*** Operational MODE: single process ***
WSGI app 0 (mountpoint='') ready in 1 seconds on interpreter 0x119ee60 pid: 29996 (default app)
*** uWSGI is running in multiple interpreter mode ***
spawned uWSGI worker 1 (and the only) (pid: 29996, cores: 1)
[pid: 29996|app: 0|req: 1/1] 124.193.176.203 () {38 vars in 729 bytes} [Tue Sep  9 20:51:41 2014] GET /index/problem/1000?submit=7577 => generated 12165 bytes in 338 msecs (HTTP/1.1 200) 4 headers in 224 bytes (1 switches on core 0)
[pid: 29996|app: 0|req: 2/2] 124.193.176.203 () {44 vars in 891 bytes} [Tue Sep  9 20:51:43 2014] POST /index/problem/1000 => generated 0 bytes in 57 msecs (HTTP/1.1 302) 4 headers in 157 bytes (1 switches on core 0)
[pid: 29996|app: 0|req: 3/3] 124.193.176.203 () {40 vars in 774 bytes} [Tue Sep  9 20:51:43 2014] GET /index/problem/1000 => generated 12040 bytes in 74 msecs (HTTP/1.1 200) 4 headers in 224 bytes (1 switches on core 0)
[pid: 29996|app: 0|req: 4/4] 124.193.176.203 () {38 vars in 706 bytes} [Tue Sep  9 20:51:44 2014] GET /index/problem/1000 => generated 12040 bytes in 38 msecs (HTTP/1.1 200) 4 headers in 224 bytes (1 switches on core 0)
*** Starting uWSGI 2.0.6 (32bit) on [Sat Sep 13 12:10:32 2014] ***
compiled with version: 4.6.3 on 18 August 2014 20:12:47
os: Linux-3.2.0-23-generic-pae #36-Ubuntu SMP Tue Apr 10 22:19:09 UTC 2012
nodename: ubuntu
machine: i686
clock source: unix
pcre jit disabled
detected number of CPU cores: 4
current working directory: /home/ak/oj/oj/cugbacm/views
detected binary path: /usr/local/bin/uwsgi
uWSGI running as root, you can use --uid/--gid/--chroot options
*** WARNING: you are running uWSGI as root !!! (use the --uid flag) *** 
*** WARNING: you are running uWSGI without its master process manager ***
your processes number limit is 63726
your memory page size is 4096 bytes
detected max file descriptor number: 1024
lock engine: pthread robust mutexes
thunder lock: disabled (you can enable it with --thunder-lock)
uwsgi socket 0 bound to TCP address :8077 fd 3
Python version: 2.7.3 (default, Feb 27 2014, 20:11:37)  [GCC 4.6.3]
*** Python threads support is disabled. You can enable it with --enable-threads ***
Python main interpreter initialized at 0x8f89360
your server socket listen backlog is limited to 100 connections
your mercy for graceful operations on workers is 60 seconds
mapped 63988 bytes (62 KB) for 1 cores
*** Operational MODE: single process ***
WSGI app 0 (mountpoint='') ready in 0 seconds on interpreter 0x8f89360 pid: 4423 (default app)
*** uWSGI is running in multiple interpreter mode ***
spawned uWSGI worker 1 (and the only) (pid: 4423, cores: 1)
[pid: 4423|app: 0|req: 1/1] 127.0.0.1 () {38 vars in 725 bytes} [Sat Sep 13 12:10:38 2014] GET /index/problemList/ => generated 4957 bytes in 335 msecs (HTTP/1.1 200) 4 headers in 224 bytes (1 switches on core 0)
[pid: 4423|app: 0|req: 2/2] 127.0.0.1 () {40 vars in 770 bytes} [Sat Sep 13 12:10:42 2014] GET /index/problem/1 => generated 9362 bytes in 46 msecs (HTTP/1.1 200) 4 headers in 224 bytes (1 switches on core 0)
[pid: 4423|app: 0|req: 3/3] 127.0.0.1 () {40 vars in 786 bytes} [Sat Sep 13 12:10:44 2014] GET /index/problem/1?submit=17 => generated 9368 bytes in 22 msecs (HTTP/1.1 200) 4 headers in 224 bytes (1 switches on core 0)
[pid: 4423|app: 0|req: 4/4] 127.0.0.1 () {44 vars in 892 bytes} [Sat Sep 13 12:10:50 2014] POST /index/problem/1 => generated 0 bytes in 193 msecs (HTTP/1.1 302) 4 headers in 149 bytes (1 switches on core 0)
[pid: 4423|app: 0|req: 5/5] 127.0.0.1 () {40 vars in 777 bytes} [Sat Sep 13 12:10:51 2014] GET /index/problem/1 => generated 9737 bytes in 36 msecs (HTTP/1.1 200) 4 headers in 224 bytes (1 switches on core 0)
[pid: 4423|app: 0|req: 6/6] 127.0.0.1 () {40 vars in 786 bytes} [Sat Sep 13 12:10:53 2014] GET /index/problem/1?submit=18 => generated 9743 bytes in 130 msecs (HTTP/1.1 200) 4 headers in 224 bytes (1 switches on core 0)
[pid: 4423|app: 0|req: 7/7] 127.0.0.1 () {40 vars in 796 bytes} [Sat Sep 13 12:10:56 2014] GET /index/problem/1?submit=18 => generated 9743 bytes in 52 msecs (HTTP/1.1 200) 4 headers in 224 bytes (1 switches on core 0)
*** Starting uWSGI 2.0.6 (32bit) on [Sat Sep 13 14:17:39 2014] ***
compiled with version: 4.6.3 on 18 August 2014 20:12:47
os: Linux-3.2.0-23-generic-pae #36-Ubuntu SMP Tue Apr 10 22:19:09 UTC 2012
nodename: ubuntu
machine: i686
clock source: unix
pcre jit disabled
detected number of CPU cores: 4
current working directory: /home/ak/oj/oj/cugbacm/views
detected binary path: /usr/local/bin/uwsgi
uWSGI running as root, you can use --uid/--gid/--chroot options
*** WARNING: you are running uWSGI as root !!! (use the --uid flag) *** 
*** WARNING: you are running uWSGI without its master process manager ***
your processes number limit is 63726
your memory page size is 4096 bytes
detected max file descriptor number: 1024
lock engine: pthread robust mutexes
thunder lock: disabled (you can enable it with --thunder-lock)
uwsgi socket 0 bound to TCP address :8077 fd 3
Python version: 2.7.3 (default, Feb 27 2014, 20:11:37)  [GCC 4.6.3]
*** Python threads support is disabled. You can enable it with --enable-threads ***
Python main interpreter initialized at 0x8ebe360
your server socket listen backlog is limited to 100 connections
your mercy for graceful operations on workers is 60 seconds
mapped 63988 bytes (62 KB) for 1 cores
*** Operational MODE: single process ***
WSGI app 0 (mountpoint='') ready in 1 seconds on interpreter 0x8ebe360 pid: 2677 (default app)
*** uWSGI is running in multiple interpreter mode ***
spawned uWSGI worker 1 (and the only) (pid: 2677, cores: 1)
[pid: 2677|app: 0|req: 1/1] 127.0.0.1 () {38 vars in 711 bytes} [Sat Sep 13 14:19:05 2014] GET /index/login => generated 0 bytes in 2542 msecs (HTTP/1.1 301) 3 headers in 144 bytes (1 switches on core 0)
[pid: 2677|app: 0|req: 2/2] 127.0.0.1 () {40 vars in 796 bytes} [Sat Sep 13 14:19:08 2014] GET /index/problem/1?submit=18 => generated 9743 bytes in 123 msecs (HTTP/1.1 200) 4 headers in 224 bytes (1 switches on core 0)
[pid: 2677|app: 0|req: 3/3] 127.0.0.1 () {40 vars in 768 bytes} [Sat Sep 13 14:19:08 2014] GET /site_media/dist/css/bootstrap.css => generated 122848 bytes in 184 msecs (HTTP/1.1 200) 4 headers in 142 bytes (7118 switches on core 0)
[pid: 2677|app: 0|req: 4/4] 127.0.0.1 () {40 vars in 784 bytes} [Sat Sep 13 14:19:08 2014] GET /site_media/Flat-UI-master/css/flat-ui.css => generated 105151 bytes in 98 msecs (HTTP/1.1 200) 4 headers in 142 bytes (4712 switches on core 0)
[pid: 2677|app: 0|req: 5/5] 127.0.0.1 () {40 vars in 763 bytes} [Sat Sep 13 14:19:08 2014] GET /site_media/dist/js/jquery-2.1.0.min.js => generated 83615 bytes in 10 msecs (HTTP/1.1 200) 4 headers in 155 bytes (4 switches on core 0)
[pid: 2677|app: 0|req: 6/6] 127.0.0.1 () {40 vars in 749 bytes} [Sat Sep 13 14:19:08 2014] GET /site_media/dist/js/bootstrap.js => generated 58533 bytes in 80 msecs (HTTP/1.1 200) 4 headers in 155 bytes (2006 switches on core 0)
[pid: 2677|app: 0|req: 7/7] 127.0.0.1 () {40 vars in 779 bytes} [Sat Sep 13 14:19:08 2014] GET /site_media/DataTables-1.9.4/media/js/jquery.js => generated 93434 bytes in 11 msecs (HTTP/1.1 200) 4 headers in 155 bytes (2 switches on core 0)
[pid: 2677|app: 0|req: 8/8] 127.0.0.1 () {40 vars in 801 bytes} [Sat Sep 13 14:19:08 2014] GET /site_media/DataTables-1.9.4/media/js/jquery.dataTables.js => generated 377508 bytes in 409 msecs (HTTP/1.1 200) 4 headers in 156 bytes (12099 switches on core 0)
[pid: 2677|app: 0|req: 9/9] 127.0.0.1 () {40 vars in 804 bytes} [Sat Sep 13 14:19:09 2014] GET /site_media/DataTables-1.9.4/media/css/demo_page.css => generated 1765 bytes in 11 msecs (HTTP/1.1 200) 4 headers in 140 bytes (122 switches on core 0)
[pid: 2677|app: 0|req: 10/10] 127.0.0.1 () {40 vars in 806 bytes} [Sat Sep 13 14:19:09 2014] GET /site_media/DataTables-1.9.4/media/css/demo_table.css => generated 10772 bytes in 11 msecs (HTTP/1.1 200) 4 headers in 141 bytes (577 switches on core 0)
[pid: 2677|app: 0|req: 11/11] 127.0.0.1 () {40 vars in 814 bytes} [Sat Sep 13 14:19:09 2014] GET /site_media/DataTables-1.9.4/media/css/demo_table_jui.css => generated 8463 bytes in 11 msecs (HTTP/1.1 200) 4 headers in 140 bytes (501 switches on core 0)
[pid: 2677|app: 0|req: 12/12] 127.0.0.1 () {40 vars in 865 bytes} [Sat Sep 13 14:19:09 2014] GET /site_media/Flat-UI-master/fonts/lato/lato-bold.woff => generated 36664 bytes in 23 msecs (HTTP/1.1 200) 4 headers in 157 bytes (150 switches on core 0)
[pid: 2677|app: 0|req: 13/13] 127.0.0.1 () {40 vars in 871 bytes} [Sat Sep 13 14:19:09 2014] GET /site_media/Flat-UI-master/fonts/lato/lato-regular.woff => generated 35464 bytes in 25 msecs (HTTP/1.1 200) 4 headers in 157 bytes (110 switches on core 0)
[pid: 2677|app: 0|req: 14/14] 127.0.0.1 () {40 vars in 856 bytes} [Sat Sep 13 14:19:09 2014] GET /site_media/DataTables-1.9.4/media/images/sort_desc.png => generated 1127 bytes in 8 msecs (HTTP/1.1 200) 4 headers in 141 bytes (3 switches on core 0)
[pid: 2677|app: 0|req: 15/15] 127.0.0.1 () {40 vars in 856 bytes} [Sat Sep 13 14:19:09 2014] GET /site_media/DataTables-1.9.4/media/images/sort_both.png => generated 1136 bytes in 8 msecs (HTTP/1.1 200) 4 headers in 141 bytes (4 switches on core 0)
[pid: 2677|app: 0|req: 16/16] 127.0.0.1 () {38 vars in 681 bytes} [Sat Sep 13 14:19:10 2014] GET /favicon.ico => generated 2156 bytes in 6 msecs (HTTP/1.1 404) 2 headers in 80 bytes (1 switches on core 0)
[pid: 2677|app: 0|req: 17/17] 127.0.0.1 () {38 vars in 711 bytes} [Sat Sep 13 14:19:10 2014] GET /favicon.ico => generated 2156 bytes in 6 msecs (HTTP/1.1 404) 2 headers in 80 bytes (1 switches on core 0)
[pid: 2677|app: 0|req: 18/18] 127.0.0.1 () {40 vars in 796 bytes} [Sat Sep 13 14:19:14 2014] GET /index/problem/1?submit=18 => generated 9743 bytes in 60 msecs (HTTP/1.1 200) 4 headers in 224 bytes (1 switches on core 0)
[pid: 2677|app: 0|req: 19/19] 127.0.0.1 () {40 vars in 796 bytes} [Sat Sep 13 14:19:17 2014] GET /index/problem/1?submit=17 => generated 9743 bytes in 72 msecs (HTTP/1.1 200) 4 headers in 224 bytes (1 switches on core 0)
[pid: 2677|app: 0|req: 20/20] 127.0.0.1 () {40 vars in 796 bytes} [Sat Sep 13 14:19:19 2014] GET /index/problem/1?submit=17 => generated 9743 bytes in 56 msecs (HTTP/1.1 200) 4 headers in 224 bytes (1 switches on core 0)
[pid: 2677|app: 0|req: 21/21] 127.0.0.1 () {40 vars in 796 bytes} [Sat Sep 13 14:19:21 2014] GET /index/problem/1?submit=17 => generated 9743 bytes in 32 msecs (HTTP/1.1 200) 4 headers in 224 bytes (1 switches on core 0)
[pid: 2677|app: 0|req: 22/22] 127.0.0.1 () {40 vars in 796 bytes} [Sat Sep 13 14:19:24 2014] GET /index/problem/1?submit=18 => generated 9743 bytes in 29 msecs (HTTP/1.1 200) 4 headers in 224 bytes (1 switches on core 0)
[pid: 2677|app: 0|req: 23/23] 127.0.0.1 () {40 vars in 796 bytes} [Sat Sep 13 14:19:27 2014] GET /index/problem/1?submit=17 => generated 9743 bytes in 54 msecs (HTTP/1.1 200) 4 headers in 224 bytes (1 switches on core 0)
[pid: 2677|app: 0|req: 24/24] 127.0.0.1 () {40 vars in 796 bytes} [Sat Sep 13 14:19:29 2014] GET /index/problem/1?submit=16 => generated 9743 bytes in 73 msecs (HTTP/1.1 200) 4 headers in 224 bytes (1 switches on core 0)
[pid: 2677|app: 0|req: 25/25] 127.0.0.1 () {40 vars in 796 bytes} [Sat Sep 13 14:19:31 2014] GET /index/problem/1?submit=15 => generated 9745 bytes in 57 msecs (HTTP/1.1 200) 4 headers in 224 bytes (1 switches on core 0)
[pid: 2677|app: 0|req: 26/26] 127.0.0.1 () {40 vars in 796 bytes} [Sat Sep 13 14:19:32 2014] GET /index/problem/1?submit=14 => generated 9743 bytes in 30 msecs (HTTP/1.1 200) 4 headers in 224 bytes (1 switches on core 0)
*** Starting uWSGI 2.0.6 (32bit) on [Sat Sep 13 14:22:41 2014] ***
compiled with version: 4.6.3 on 18 August 2014 20:12:47
os: Linux-3.2.0-23-generic-pae #36-Ubuntu SMP Tue Apr 10 22:19:09 UTC 2012
nodename: ubuntu
machine: i686
clock source: unix
pcre jit disabled
detected number of CPU cores: 4
current working directory: /home/ak/oj/oj/cugbacm/views
detected binary path: /usr/local/bin/uwsgi
uWSGI running as root, you can use --uid/--gid/--chroot options
*** WARNING: you are running uWSGI as root !!! (use the --uid flag) *** 
*** WARNING: you are running uWSGI without its master process manager ***
your processes number limit is 63726
your memory page size is 4096 bytes
detected max file descriptor number: 1024
lock engine: pthread robust mutexes
thunder lock: disabled (you can enable it with --thunder-lock)
uwsgi socket 0 bound to TCP address :8077 fd 3
Python version: 2.7.3 (default, Feb 27 2014, 20:11:37)  [GCC 4.6.3]
*** Python threads support is disabled. You can enable it with --enable-threads ***
Python main interpreter initialized at 0x84b6360
your server socket listen backlog is limited to 100 connections
your mercy for graceful operations on workers is 60 seconds
mapped 63988 bytes (62 KB) for 1 cores
*** Operational MODE: single process ***
WSGI app 0 (mountpoint='') ready in 1 seconds on interpreter 0x84b6360 pid: 3235 (default app)
*** uWSGI is running in multiple interpreter mode ***
spawned uWSGI worker 1 (and the only) (pid: 3235, cores: 1)
[pid: 3235|app: 0|req: 1/1] 127.0.0.1 () {38 vars in 738 bytes} [Sat Sep 13 14:22:45 2014] GET /index/problem/1?submit=14 => generated 9742 bytes in 416 msecs (HTTP/1.1 200) 4 headers in 224 bytes (1 switches on core 0)
[pid: 3235|app: 0|req: 2/2] 127.0.0.1 () {40 vars in 796 bytes} [Sat Sep 13 14:22:49 2014] GET /index/problem/1?submit=18 => generated 9746 bytes in 100 msecs (HTTP/1.1 200) 4 headers in 224 bytes (1 switches on core 0)
[pid: 3235|app: 0|req: 3/3] 127.0.0.1 () {40 vars in 796 bytes} [Sat Sep 13 14:22:51 2014] GET /index/problem/1?submit=17 => generated 9742 bytes in 49 msecs (HTTP/1.1 200) 4 headers in 224 bytes (1 switches on core 0)
[pid: 3235|app: 0|req: 4/4] 127.0.0.1 () {40 vars in 796 bytes} [Sat Sep 13 14:22:55 2014] GET /index/problem/1?submit=18 => generated 9746 bytes in 66 msecs (HTTP/1.1 200) 4 headers in 224 bytes (1 switches on core 0)
[pid: 3235|app: 0|req: 5/5] 127.0.0.1 () {40 vars in 796 bytes} [Sat Sep 13 14:22:56 2014] GET /index/problem/1?submit=18 => generated 9746 bytes in 60 msecs (HTTP/1.1 200) 4 headers in 224 bytes (1 switches on core 0)
[pid: 3235|app: 0|req: 6/6] 127.0.0.1 () {40 vars in 796 bytes} [Sat Sep 13 14:22:57 2014] GET /index/problem/1?submit=18 => generated 9746 bytes in 45 msecs (HTTP/1.1 200) 4 headers in 224 bytes (1 switches on core 0)
[pid: 3235|app: 0|req: 7/7] 127.0.0.1 () {40 vars in 796 bytes} [Sat Sep 13 14:37:45 2014] GET /index/problem/1?submit=18 => generated 9746 bytes in 528 msecs (HTTP/1.1 200) 4 headers in 224 bytes (1 switches on core 0)
[pid: 3235|app: 0|req: 8/8] 127.0.0.1 () {40 vars in 796 bytes} [Sat Sep 13 14:38:22 2014] GET /index/problem/1?submit=17 => generated 9742 bytes in 74 msecs (HTTP/1.1 200) 4 headers in 224 bytes (1 switches on core 0)
*** Starting uWSGI 2.0.3 (64bit) on [Tue Sep 16 23:15:29 2014] ***
compiled with version: 4.6.3 on 12 April 2014 21:45:32
os: Linux-3.2.0-29-generic #46-Ubuntu SMP Fri Jul 27 17:03:23 UTC 2012
nodename: AY14040915414956495eZ
machine: x86_64
clock source: unix
detected number of CPU cores: 1
current working directory: /home/cugbacm/oj/oj/cugbacm/views
detected binary path: /usr/local/bin/uwsgi
!!! no internal routing support, rebuild with pcre support !!!
uWSGI running as root, you can use --uid/--gid/--chroot options
*** WARNING: you are running uWSGI as root !!! (use the --uid flag) *** 
*** WARNING: you are running uWSGI without its master process manager ***
your processes number limit is 7815
your memory page size is 4096 bytes
detected max file descriptor number: 65535
lock engine: pthread robust mutexes
thunder lock: disabled (you can enable it with --thunder-lock)
uwsgi socket 0 bound to TCP address :8077 fd 3
Python version: 2.7.3 (default, Feb 27 2014, 20:09:21)  [GCC 4.6.3]
*** Python threads support is disabled. You can enable it with --enable-threads ***
Python main interpreter initialized at 0x783e60
your server socket listen backlog is limited to 100 connections
your mercy for graceful operations on workers is 60 seconds
mapped 72760 bytes (71 KB) for 1 cores
*** Operational MODE: single process ***
WSGI app 0 (mountpoint='') ready in 2 seconds on interpreter 0x783e60 pid: 2216 (default app)
*** uWSGI is running in multiple interpreter mode ***
spawned uWSGI worker 1 (and the only) (pid: 2216, cores: 1)
[pid: 2216|app: 0|req: 1/1] 114.248.170.26 () {40 vars in 825 bytes} [Tue Sep 16 23:15:32 2014] GET /index/contest/1/problem/1000 => generated 114448 bytes in 3220 msecs (HTTP/1.1 500) 2 headers in 92 bytes (1 switches on core 0)
*** Starting uWSGI 2.0.3 (64bit) on [Tue Sep 16 23:15:56 2014] ***
compiled with version: 4.6.3 on 12 April 2014 21:45:32
os: Linux-3.2.0-29-generic #46-Ubuntu SMP Fri Jul 27 17:03:23 UTC 2012
nodename: AY14040915414956495eZ
machine: x86_64
clock source: unix
detected number of CPU cores: 1
current working directory: /home/cugbacm/oj/oj/cugbacm/views
detected binary path: /usr/local/bin/uwsgi
!!! no internal routing support, rebuild with pcre support !!!
uWSGI running as root, you can use --uid/--gid/--chroot options
*** WARNING: you are running uWSGI as root !!! (use the --uid flag) *** 
*** WARNING: you are running uWSGI without its master process manager ***
your processes number limit is 7815
your memory page size is 4096 bytes
detected max file descriptor number: 65535
lock engine: pthread robust mutexes
thunder lock: disabled (you can enable it with --thunder-lock)
uwsgi socket 0 bound to TCP address :8077 fd 3
Python version: 2.7.3 (default, Feb 27 2014, 20:09:21)  [GCC 4.6.3]
*** Python threads support is disabled. You can enable it with --enable-threads ***
Python main interpreter initialized at 0x1a01e60
your server socket listen backlog is limited to 100 connections
your mercy for graceful operations on workers is 60 seconds
mapped 72760 bytes (71 KB) for 1 cores
*** Operational MODE: single process ***
WSGI app 0 (mountpoint='') ready in 0 seconds on interpreter 0x1a01e60 pid: 2248 (default app)
*** uWSGI is running in multiple interpreter mode ***
spawned uWSGI worker 1 (and the only) (pid: 2248, cores: 1)
[pid: 2248|app: 0|req: 1/1] 114.248.170.26 () {40 vars in 825 bytes} [Tue Sep 16 23:15:58 2014] GET /index/contest/1/problem/1000 => generated 114501 bytes in 417 msecs (HTTP/1.1 500) 2 headers in 92 bytes (1 switches on core 0)
[pid: 2248|app: 0|req: 2/2] 114.248.170.26 () {40 vars in 825 bytes} [Tue Sep 16 23:16:01 2014] GET /index/contest/1/problem/1000 => generated 114501 bytes in 138 msecs (HTTP/1.1 500) 2 headers in 92 bytes (1 switches on core 0)
*** Starting uWSGI 2.0.3 (64bit) on [Tue Sep 16 23:16:27 2014] ***
compiled with version: 4.6.3 on 12 April 2014 21:45:32
os: Linux-3.2.0-29-generic #46-Ubuntu SMP Fri Jul 27 17:03:23 UTC 2012
nodename: AY14040915414956495eZ
machine: x86_64
clock source: unix
detected number of CPU cores: 1
current working directory: /home/cugbacm/oj/oj/cugbacm/views
detected binary path: /usr/local/bin/uwsgi
!!! no internal routing support, rebuild with pcre support !!!
uWSGI running as root, you can use --uid/--gid/--chroot options
*** WARNING: you are running uWSGI as root !!! (use the --uid flag) *** 
*** WARNING: you are running uWSGI without its master process manager ***
your processes number limit is 7815
your memory page size is 4096 bytes
detected max file descriptor number: 65535
lock engine: pthread robust mutexes
thunder lock: disabled (you can enable it with --thunder-lock)
uwsgi socket 0 bound to TCP address :8077 fd 3
Python version: 2.7.3 (default, Feb 27 2014, 20:09:21)  [GCC 4.6.3]
*** Python threads support is disabled. You can enable it with --enable-threads ***
Python main interpreter initialized at 0xf5ae60
your server socket listen backlog is limited to 100 connections
your mercy for graceful operations on workers is 60 seconds
mapped 72760 bytes (71 KB) for 1 cores
*** Operational MODE: single process ***
WSGI app 0 (mountpoint='') ready in 0 seconds on interpreter 0xf5ae60 pid: 2298 (default app)
*** uWSGI is running in multiple interpreter mode ***
spawned uWSGI worker 1 (and the only) (pid: 2298, cores: 1)
[pid: 2298|app: 0|req: 1/1] 114.248.170.26 () {40 vars in 825 bytes} [Tue Sep 16 23:16:56 2014] GET /index/contest/1/problem/1000 => generated 114529 bytes in 419 msecs (HTTP/1.1 500) 2 headers in 92 bytes (1 switches on core 0)
[pid: 2298|app: 0|req: 2/2] 122.226.223.69 () {36 vars in 623 bytes} [Tue Sep 16 23:18:19 2014] GET //hello.html => generated 2164 bytes in 31 msecs (HTTP/1.1 404) 2 headers in 80 bytes (1 switches on core 0)
*** Starting uWSGI 2.0.3 (64bit) on [Tue Sep 16 23:18:46 2014] ***
compiled with version: 4.6.3 on 12 April 2014 21:45:32
os: Linux-3.2.0-29-generic #46-Ubuntu SMP Fri Jul 27 17:03:23 UTC 2012
nodename: AY14040915414956495eZ
machine: x86_64
clock source: unix
detected number of CPU cores: 1
current working directory: /home/cugbacm/oj/oj/cugbacm/views
detected binary path: /usr/local/bin/uwsgi
!!! no internal routing support, rebuild with pcre support !!!
uWSGI running as root, you can use --uid/--gid/--chroot options
*** WARNING: you are running uWSGI as root !!! (use the --uid flag) *** 
*** WARNING: you are running uWSGI without its master process manager ***
your processes number limit is 7815
your memory page size is 4096 bytes
detected max file descriptor number: 65535
lock engine: pthread robust mutexes
thunder lock: disabled (you can enable it with --thunder-lock)
uwsgi socket 0 bound to TCP address :8077 fd 3
Python version: 2.7.3 (default, Feb 27 2014, 20:09:21)  [GCC 4.6.3]
*** Python threads support is disabled. You can enable it with --enable-threads ***
Python main interpreter initialized at 0x2127e60
your server socket listen backlog is limited to 100 connections
your mercy for graceful operations on workers is 60 seconds
mapped 72760 bytes (71 KB) for 1 cores
*** Operational MODE: single process ***
WSGI app 0 (mountpoint='') ready in 0 seconds on interpreter 0x2127e60 pid: 2459 (default app)
*** uWSGI is running in multiple interpreter mode ***
spawned uWSGI worker 1 (and the only) (pid: 2459, cores: 1)
[pid: 2459|app: 0|req: 1/1] 114.248.170.26 () {40 vars in 825 bytes} [Tue Sep 16 23:18:48 2014] GET /index/contest/1/problem/1000 => generated 114479 bytes in 418 msecs (HTTP/1.1 500) 2 headers in 92 bytes (1 switches on core 0)
*** Starting uWSGI 2.0.3 (64bit) on [Tue Sep 16 23:19:28 2014] ***
compiled with version: 4.6.3 on 12 April 2014 21:45:32
os: Linux-3.2.0-29-generic #46-Ubuntu SMP Fri Jul 27 17:03:23 UTC 2012
nodename: AY14040915414956495eZ
machine: x86_64
clock source: unix
detected number of CPU cores: 1
current working directory: /home/cugbacm/oj/oj/cugbacm/views
detected binary path: /usr/local/bin/uwsgi
!!! no internal routing support, rebuild with pcre support !!!
uWSGI running as root, you can use --uid/--gid/--chroot options
*** WARNING: you are running uWSGI as root !!! (use the --uid flag) *** 
*** WARNING: you are running uWSGI without its master process manager ***
your processes number limit is 7815
your memory page size is 4096 bytes
detected max file descriptor number: 65535
lock engine: pthread robust mutexes
thunder lock: disabled (you can enable it with --thunder-lock)
uwsgi socket 0 bound to TCP address :8077 fd 3
Python version: 2.7.3 (default, Feb 27 2014, 20:09:21)  [GCC 4.6.3]
*** Python threads support is disabled. You can enable it with --enable-threads ***
Python main interpreter initialized at 0x26d1e60
your server socket listen backlog is limited to 100 connections
your mercy for graceful operations on workers is 60 seconds
mapped 72760 bytes (71 KB) for 1 cores
*** Operational MODE: single process ***
WSGI app 0 (mountpoint='') ready in 0 seconds on interpreter 0x26d1e60 pid: 2551 (default app)
*** uWSGI is running in multiple interpreter mode ***
spawned uWSGI worker 1 (and the only) (pid: 2551, cores: 1)
[pid: 2551|app: 0|req: 1/1] 114.248.170.26 () {40 vars in 825 bytes} [Tue Sep 16 23:19:31 2014] GET /index/contest/1/problem/1000 => generated 11532 bytes in 396 msecs (HTTP/1.1 200) 4 headers in 224 bytes (1 switches on core 0)
[pid: 2551|app: 0|req: 2/2] 114.248.170.26 () {40 vars in 883 bytes} [Tue Sep 16 23:19:34 2014] GET /index/contest/1/problem/1000?submit=7584 => generated 11579 bytes in 35 msecs (HTTP/1.1 200) 4 headers in 224 bytes (1 switches on core 0)
[pid: 2551|app: 0|req: 3/3] 114.248.170.26 () {48 vars in 1049 bytes} [Tue Sep 16 23:19:35 2014] POST /index/contest/1/problem/1000 => generated 54913 bytes in 237 msecs (HTTP/1.1 500) 3 headers in 106 bytes (1 switches on core 0)
*** Starting uWSGI 2.0.3 (64bit) on [Tue Sep 16 23:20:31 2014] ***
compiled with version: 4.6.3 on 12 April 2014 21:45:32
os: Linux-3.2.0-29-generic #46-Ubuntu SMP Fri Jul 27 17:03:23 UTC 2012
nodename: AY14040915414956495eZ
machine: x86_64
clock source: unix
detected number of CPU cores: 1
current working directory: /home/cugbacm/oj/oj/cugbacm/views
detected binary path: /usr/local/bin/uwsgi
!!! no internal routing support, rebuild with pcre support !!!
uWSGI running as root, you can use --uid/--gid/--chroot options
*** WARNING: you are running uWSGI as root !!! (use the --uid flag) *** 
*** WARNING: you are running uWSGI without its master process manager ***
your processes number limit is 7815
your memory page size is 4096 bytes
detected max file descriptor number: 65535
lock engine: pthread robust mutexes
thunder lock: disabled (you can enable it with --thunder-lock)
uwsgi socket 0 bound to TCP address :8077 fd 3
Python version: 2.7.3 (default, Feb 27 2014, 20:09:21)  [GCC 4.6.3]
*** Python threads support is disabled. You can enable it with --enable-threads ***
Python main interpreter initialized at 0x11f7e60
your server socket listen backlog is limited to 100 connections
your mercy for graceful operations on workers is 60 seconds
mapped 72760 bytes (71 KB) for 1 cores
*** Operational MODE: single process ***
WSGI app 0 (mountpoint='') ready in 1 seconds on interpreter 0x11f7e60 pid: 2646 (default app)
*** uWSGI is running in multiple interpreter mode ***
spawned uWSGI worker 1 (and the only) (pid: 2646, cores: 1)
[pid: 2646|app: 0|req: 1/1] 114.248.170.26 () {40 vars in 825 bytes} [Tue Sep 16 23:20:33 2014] GET /index/contest/1/problem/1000 => generated 11535 bytes in 341 msecs (HTTP/1.1 200) 4 headers in 224 bytes (1 switches on core 0)
[pid: 2646|app: 0|req: 2/2] 114.248.170.26 () {40 vars in 883 bytes} [Tue Sep 16 23:20:35 2014] GET /index/contest/1/problem/1000?submit=7586 => generated 11582 bytes in 34 msecs (HTTP/1.1 200) 4 headers in 224 bytes (1 switches on core 0)
[pid: 2646|app: 0|req: 3/3] 114.248.170.26 () {48 vars in 1049 bytes} [Tue Sep 16 23:20:36 2014] POST /index/contest/1/problem/1000 => generated 64819 bytes in 272 msecs (HTTP/1.1 500) 3 headers in 106 bytes (1 switches on core 0)
[pid: 2646|app: 0|req: 4/4] 114.248.170.26 () {40 vars in 804 bytes} [Tue Sep 16 23:29:17 2014] GET /index/submitList/ => generated 36212 bytes in 86 msecs (HTTP/1.1 200) 4 headers in 224 bytes (1 switches on core 0)
*** Starting uWSGI 2.0.6 (32bit) on [Sat Sep 20 22:54:19 2014] ***
compiled with version: 4.6.3 on 18 August 2014 20:06:11
os: Linux-3.2.0-23-generic-pae #36-Ubuntu SMP Tue Apr 10 22:19:09 UTC 2012
nodename: ubuntu
machine: i686
clock source: unix
pcre jit disabled
detected number of CPU cores: 4
current working directory: /home/zhaolong/oj/oj/cugbacm/views
detected binary path: /usr/local/bin/uwsgi
uWSGI running as root, you can use --uid/--gid/--chroot options
*** WARNING: you are running uWSGI as root !!! (use the --uid flag) *** 
*** WARNING: you are running uWSGI without its master process manager ***
your processes number limit is 31401
your memory page size is 4096 bytes
detected max file descriptor number: 1024
lock engine: pthread robust mutexes
thunder lock: disabled (you can enable it with --thunder-lock)
uwsgi socket 0 bound to TCP address :8077 fd 3
Python version: 2.7.3 (default, Feb 27 2014, 20:11:37)  [GCC 4.6.3]
*** Python threads support is disabled. You can enable it with --enable-threads ***
Python main interpreter initialized at 0x8c53280
your server socket listen backlog is limited to 100 connections
your mercy for graceful operations on workers is 60 seconds
mapped 63988 bytes (62 KB) for 1 cores
*** Operational MODE: single process ***
WSGI app 0 (mountpoint='') ready in 1 seconds on interpreter 0x8c53280 pid: 6502 (default app)
*** uWSGI is running in multiple interpreter mode ***
spawned uWSGI worker 1 (and the only) (pid: 6502, cores: 1)
[pid: 6502|app: 0|req: 1/1] 127.0.0.1 () {38 vars in 680 bytes} [Sat Sep 20 22:54:23 2014] GET /admin/ => generated 117625 bytes in 381 msecs (HTTP/1.1 500) 2 headers in 92 bytes (1 switches on core 0)
*** Starting uWSGI 2.0.6 (32bit) on [Sat Sep 20 22:54:28 2014] ***
compiled with version: 4.6.3 on 18 August 2014 20:06:11
os: Linux-3.2.0-23-generic-pae #36-Ubuntu SMP Tue Apr 10 22:19:09 UTC 2012
nodename: ubuntu
machine: i686
clock source: unix
pcre jit disabled
detected number of CPU cores: 4
current working directory: /home/zhaolong/oj/oj/cugbacm/views
detected binary path: /usr/local/bin/uwsgi
uWSGI running as root, you can use --uid/--gid/--chroot options
*** WARNING: you are running uWSGI as root !!! (use the --uid flag) *** 
*** WARNING: you are running uWSGI without its master process manager ***
your processes number limit is 31401
your memory page size is 4096 bytes
detected max file descriptor number: 1024
lock engine: pthread robust mutexes
thunder lock: disabled (you can enable it with --thunder-lock)
uwsgi socket 0 bound to TCP address :8077 fd 3
Python version: 2.7.3 (default, Feb 27 2014, 20:11:37)  [GCC 4.6.3]
*** Python threads support is disabled. You can enable it with --enable-threads ***
Python main interpreter initialized at 0x875a280
your server socket listen backlog is limited to 100 connections
your mercy for graceful operations on workers is 60 seconds
mapped 63988 bytes (62 KB) for 1 cores
*** Operational MODE: single process ***
WSGI app 0 (mountpoint='') ready in 1 seconds on interpreter 0x875a280 pid: 6521 (default app)
*** uWSGI is running in multiple interpreter mode ***
spawned uWSGI worker 1 (and the only) (pid: 6521, cores: 1)
*** Starting uWSGI 2.0.6 (32bit) on [Sat Sep 20 22:55:58 2014] ***
compiled with version: 4.6.3 on 18 August 2014 20:06:11
os: Linux-3.2.0-23-generic-pae #36-Ubuntu SMP Tue Apr 10 22:19:09 UTC 2012
nodename: ubuntu
machine: i686
clock source: unix
pcre jit disabled
detected number of CPU cores: 4
current working directory: /home/zhaolong/oj/oj/cugbacm/views
detected binary path: /usr/local/bin/uwsgi
uWSGI running as root, you can use --uid/--gid/--chroot options
*** WARNING: you are running uWSGI as root !!! (use the --uid flag) *** 
*** WARNING: you are running uWSGI without its master process manager ***
your processes number limit is 31401
your memory page size is 4096 bytes
detected max file descriptor number: 1024
lock engine: pthread robust mutexes
thunder lock: disabled (you can enable it with --thunder-lock)
uwsgi socket 0 bound to TCP address :8077 fd 3
Python version: 2.7.3 (default, Feb 27 2014, 20:11:37)  [GCC 4.6.3]
*** Python threads support is disabled. You can enable it with --enable-threads ***
Python main interpreter initialized at 0x93bd280
your server socket listen backlog is limited to 100 connections
your mercy for graceful operations on workers is 60 seconds
mapped 63988 bytes (62 KB) for 1 cores
*** Operational MODE: single process ***
WSGI app 0 (mountpoint='') ready in 1 seconds on interpreter 0x93bd280 pid: 6553 (default app)
*** uWSGI is running in multiple interpreter mode ***
spawned uWSGI worker 1 (and the only) (pid: 6553, cores: 1)
[pid: 6553|app: 0|req: 1/1] 127.0.0.1 () {38 vars in 680 bytes} [Sat Sep 20 22:56:01 2014] GET /admin/ => generated 117625 bytes in 385 msecs (HTTP/1.1 500) 2 headers in 92 bytes (1 switches on core 0)
[pid: 6553|app: 0|req: 2/2] 127.0.0.1 () {38 vars in 680 bytes} [Sat Sep 20 22:56:03 2014] GET /admin/ => generated 117590 bytes in 143 msecs (HTTP/1.1 500) 2 headers in 92 bytes (1 switches on core 0)
*** Starting uWSGI 2.0.6 (32bit) on [Sat Sep 20 22:56:28 2014] ***
compiled with version: 4.6.3 on 18 August 2014 20:06:11
os: Linux-3.2.0-23-generic-pae #36-Ubuntu SMP Tue Apr 10 22:19:09 UTC 2012
nodename: ubuntu
machine: i686
clock source: unix
pcre jit disabled
detected number of CPU cores: 4
current working directory: /home/zhaolong/oj/oj/cugbacm/views
detected binary path: /usr/local/bin/uwsgi
uWSGI running as root, you can use --uid/--gid/--chroot options
*** WARNING: you are running uWSGI as root !!! (use the --uid flag) *** 
*** WARNING: you are running uWSGI without its master process manager ***
your processes number limit is 31401
your memory page size is 4096 bytes
detected max file descriptor number: 1024
lock engine: pthread robust mutexes
thunder lock: disabled (you can enable it with --thunder-lock)
uwsgi socket 0 bound to TCP address :8077 fd 3
Python version: 2.7.3 (default, Feb 27 2014, 20:11:37)  [GCC 4.6.3]
*** Python threads support is disabled. You can enable it with --enable-threads ***
Python main interpreter initialized at 0x861f280
your server socket listen backlog is limited to 100 connections
your mercy for graceful operations on workers is 60 seconds
mapped 63988 bytes (62 KB) for 1 cores
*** Operational MODE: single process ***
WSGI app 0 (mountpoint='') ready in 0 seconds on interpreter 0x861f280 pid: 6579 (default app)
*** uWSGI is running in multiple interpreter mode ***
spawned uWSGI worker 1 (and the only) (pid: 6579, cores: 1)
[pid: 6579|app: 0|req: 1/1] 127.0.0.1 () {38 vars in 680 bytes} [Sat Sep 20 22:56:31 2014] GET /admin/ => generated 10743 bytes in 391 msecs (HTTP/1.1 200) 6 headers in 214 bytes (1 switches on core 0)
[pid: 6579|app: 0|req: 2/2] 127.0.0.1 () {40 vars in 757 bytes} [Sat Sep 20 22:56:34 2014] GET /admin/cugbacm/contestant/ => generated 4435 bytes in 67 msecs (HTTP/1.1 200) 7 headers in 336 bytes (1 switches on core 0)
[pid: 6579|app: 0|req: 3/3] 127.0.0.1 () {40 vars in 692 bytes} [Sat Sep 20 22:56:35 2014] GET /admin/jsi18n/ => generated 2372 bytes in 12 msecs (HTTP/1.1 200) 3 headers in 93 bytes (1 switches on core 0)
[pid: 6579|app: 0|req: 4/4] 127.0.0.1 () {40 vars in 780 bytes} [Sat Sep 20 22:56:36 2014] GET /admin/cugbacm/contestant/1/ => generated 9057 bytes in 65 msecs (HTTP/1.1 200) 7 headers in 336 bytes (1 switches on core 0)
[pid: 6579|app: 0|req: 5/5] 127.0.0.1 () {40 vars in 694 bytes} [Sat Sep 20 22:56:37 2014] GET /admin/jsi18n/ => generated 2372 bytes in 8 msecs (HTTP/1.1 200) 3 headers in 93 bytes (1 switches on core 0)
[pid: 6579|app: 0|req: 6/6] 127.0.0.1 () {44 vars in 1007 bytes} [Sat Sep 20 22:56:47 2014] POST /admin/cugbacm/contestant/1/ => generated 0 bytes in 164 msecs (HTTP/1.1 302) 8 headers in 440 bytes (1 switches on core 0)
[pid: 6579|app: 0|req: 7/7] 127.0.0.1 () {40 vars in 926 bytes} [Sat Sep 20 22:56:47 2014] GET /admin/cugbacm/contestant/ => generated 4435 bytes in 63 msecs (HTTP/1.1 200) 7 headers in 336 bytes (1 switches on core 0)
[pid: 6579|app: 0|req: 8/8] 127.0.0.1 () {40 vars in 840 bytes} [Sat Sep 20 22:56:47 2014] GET /admin/jsi18n/ => generated 2372 bytes in 9 msecs (HTTP/1.1 200) 3 headers in 93 bytes (1 switches on core 0)
[pid: 6579|app: 0|req: 9/9] 127.0.0.1 () {40 vars in 921 bytes} [Sat Sep 20 22:56:50 2014] GET /index/contest/1/rankList => generated 4197 bytes in 14 msecs (HTTP/1.1 200) 3 headers in 102 bytes (1 switches on core 0)
